Mar  19 14:33:02,	Probe Request,	84:ba:3b:80:f6:2a,	LAN Turtle
Mar  19 14:33:11,	Probe Request,	c4:d9:87:e2:77:8c,	Loading.....
Mar  19 14:33:15,	Probe Request,	a4:77:33:25:34:32,	mrs.biggles
Mar  19 14:33:16,	Probe Request,	84:ba:3b:80:f6:2a,	LAN Turtle
Mar  19 14:33:29,	Probe Request,	a4:77:33:02:15:34,	Yeehawken
Mar  19 14:33:35,	Probe Request,	e0:e7:51:69:8b:aa,	HOME-4DB4
Mar  19 14:33:40,	Probe Request,	e0:e7:51:69:8b:aa,	HOME-4DB4
Mar  19 14:33:40,	Probe Request,	84:ba:3b:80:f6:2a,	LAN Turtle
Mar  19 14:33:48,	Probe Request,	a4:77:33:02:15:34,	Yeehawken
Mar  19 14:33:53,	Probe Request,	e0:e7:51:69:8b:aa,	HOME-4DB4
Mar  19 14:33:53,	Probe Request,	84:ba:3b:80:f6:2a,	LAN Turtle
Mar  19 14:34:06,	Probe Request,	a4:77:33:25:34:32,	mrs.biggles
Mar  19 14:34:43,	Probe Request,	c4:e9:84:e0:2d:79,	FiOS-KTFGH
Mar  19 14:34:46,	Probe Request,	84:ba:3b:80:f6:2a,	LAN Turtle
Mar  19 14:34:51,	Probe Request,	a4:77:33:02:15:34,	Yeehawken
Mar  19 14:34:56,	Probe Request,	aa:73:77:37:24:a7,	VPNWi-Fi
Mar  19 14:35:15,	Probe Request,	a4:77:33:25:34:32,	mrs.biggles
Mar  19 14:35:16,	Probe Request,	84:ba:3b:80:f6:2a,	LAN Turtle
Mar  19 14:35:23,	Probe Request,	e8:de:27:a4:c1:15,	Stevens
Mar  19 14:35:29,	Probe Request,	a4:77:33:02:15:34,	Yeehawken
Mar  19 14:35:39,	Probe Request,	d0:25:98:63:f9:d5,	FiOS-I784X
Mar  19 14:35:47,	Probe Request,	84:ba:3b:80:f6:2a,	LAN Turtle
Mar  19 14:35:54,	Probe Request,	a4:77:33:02:15:34,	Yeehawken
Mar  19 14:35:59,	Probe Request,	0c:47:c9:9f:a5:73,	M9SC3
Mar  19 14:35:59,	Probe Request,	0c:47:c9:9f:a5:73,	Wu Tang Lan
Mar  19 14:35:59,	Probe Request,	0c:47:c9:9f:a5:73,	Drop It Like It's Hotspot
Mar  19 14:35:59,	Probe Request,	0c:47:c9:9f:a5:73,	The Country Place Hidden 5
Mar  19 14:36:09,	Probe Request,	c4:d9:87:e2:77:8c,	Loading.....
Mar  19 14:36:12,	Probe Request,	a4:77:33:25:34:32,	mrs.biggles
Mar  19 14:36:16,	Probe Request,	84:ba:3b:80:f6:2a,	LAN Turtle
Mar  19 14:36:19,	Probe Request,	e8:de:27:a4:c1:15,	FiOS-KTFGH-5G
Mar  19 14:36:30,	Probe Request,	02:cb:51:65:e8:9f,	VPNWi-Fi
Mar  19 14:36:39,	Probe Request,	b4:8b:19:ec:ab:df,	Yeehawken
Mar  19 14:36:46,	Probe Request,	84:ba:3b:80:f6:2a,	LAN Turtle
Mar  19 14:36:57,	Probe Request,	a4:77:33:02:15:34,	Yeehawken
Mar  19 14:37:14,	Probe Request,	a4:77:33:25:34:32,	mrs.biggles
Mar  19 14:37:15,	Probe Request,	84:ba:3b:80:f6:2a,	LAN Turtle
Mar  19 14:37:22,	Probe Request,	64:b0:a6:a5:77:da,	FiOS-I784X
Mar  19 14:37:29,	Probe Request,	a4:77:33:02:15:34,	Yeehawken
Mar  19 14:37:41,	Probe Request,	68:1c:a2:07:5a:9a,	Room810
Mar  19 14:37:46,	Probe Request,	84:ba:3b:80:f6:2a,	LAN Turtle
Mar  19 14:38:00,	Probe Request,	a4:77:33:02:15:34,	Yeehawken
Mar  19 14:38:15,	Probe Request,	84:ba:3b:80:f6:2a,	LAN Turtle
Mar  19 14:38:17,	Probe Request,	a4:77:33:25:34:32,	mrs.biggles
Mar  19 14:38:19,	Probe Request,	c4:e9:84:e0:2d:79,	FiOS-KTFGH-5G
Mar  19 14:38:46,	Probe Request,	84:ba:3b:80:f6:2a,	LAN Turtle
Mar  19 14:38:48,	Probe Request,	9e:2c:a1:3e:c2:19,	VPNWi-Fi
Mar  19 14:38:52,	Probe Request,	88:71:e5:54:11:34,	Loading.....
Mar  19 14:38:59,	Probe Request,	b4:8b:19:ec:ab:df,	Yeehawken
Mar  19 14:39:02,	Probe Request,	a4:77:33:02:15:34,	Yeehawken
Mar  19 14:39:15,	Probe Request,	a4:77:33:25:34:32,	mrs.biggles
Mar  19 14:39:15,	Probe Request,	a4:77:33:25:34:32,	mrs.biggles
Mar  19 14:39:16,	Probe Request,	84:ba:3b:80:f6:2a,	LAN Turtle
Mar  19 14:39:29,	Probe Request,	a4:77:33:02:15:34,	Yeehawken
Mar  19 14:39:46,	Probe Request,	84:ba:3b:80:f6:2a,	LAN Turtle
Mar  19 14:40:05,	Probe Request,	a4:77:33:02:15:34,	Yeehawken
Mar  19 14:40:18,	Probe Request,	84:ba:3b:80:f6:2a,	LAN Turtle
Mar  19 14:40:21,	Probe Request,	e8:de:27:a4:c1:15,	FiOS-KTFGH-5G
Mar  19 14:40:23,	Probe Request,	a4:77:33:25:34:32,	mrs.biggles
Mar  19 14:40:24,	Probe Request,	c4:d9:87:e2:77:8c,	Loading.....
Mar  19 14:40:33,	Probe Request,	c4:e9:84:e0:2d:79,	FiOS-KTFGH-5G
Mar  19 14:40:35,	Probe Request,	e0:e7:51:69:8b:aa,	HOME-4DB4
Mar  19 14:40:36,	Probe Request,	28:ed:6a:f1:74:ef,	optimumwifi
Mar  19 14:40:40,	Probe Request,	e0:e7:51:69:8b:aa,	HOME-4DB4
Mar  19 14:40:40,	Probe Request,	84:ba:3b:80:f6:2a,	LAN Turtle
Mar  19 14:40:42,	Probe Request,	9e:ae:ba:68:e7:bd,	WESTPOINT_MOBILE
Mar  19 14:40:54,	Probe Request,	e0:e7:51:69:8b:aa,	HOME-4DB4
Mar  19 14:40:56,	Probe Request,	84:ba:3b:80:f6:2a,	LAN Turtle
Mar  19 14:40:57,	Probe Request,	28:ed:6a:f1:74:ef,	optimumwifi
Mar  19 14:41:08,	Probe Request,	a4:77:33:02:15:34,	Yeehawken
Mar  19 14:41:25,	Probe Request,	a4:77:33:25:34:32,	mrs.biggles
Mar  19 14:41:26,	Probe Request,	c8:85:50:83:4c:0d,	xfinitywifi
Mar  19 14:41:33,	Probe Request,	c4:d9:87:e2:77:8c,	Loading.....
Mar  19 14:41:46,	Probe Request,	84:ba:3b:80:f6:2a,	LAN Turtle
Mar  19 14:41:56,	Probe Request,	c4:e9:84:e0:2d:79,	FiOS-KTFGH-5G
Mar  19 14:41:59,	Probe Request,	0c:47:c9:9f:a5:73,	M9SC3
Mar  19 14:41:59,	Probe Request,	0c:47:c9:9f:a5:73,	Wu Tang Lan
Mar  19 14:41:59,	Probe Request,	0c:47:c9:9f:a5:73,	Drop It Like It's Hotspot
Mar  19 14:41:59,	Probe Request,	0c:47:c9:9f:a5:73,	The Country Place Hidden 5
Mar  19 14:42:11,	Probe Request,	a4:77:33:02:15:34,	Yeehawken
Mar  19 14:42:16,	Probe Request,	84:ba:3b:80:f6:2a,	LAN Turtle
Mar  19 14:42:28,	Probe Request,	a4:77:33:25:34:32,	mrs.biggles
Mar  19 14:42:45,	Probe Request,	84:ba:3b:80:f6:2a,	LAN Turtle
Mar  19 14:43:14,	Probe Request,	a4:77:33:02:15:34,	Yeehawken
Mar  19 14:43:15,	Probe Request,	a4:77:33:25:34:32,	mrs.biggles
Mar  19 14:43:15,	Probe Request,	a4:77:33:25:34:32,	mrs.biggles
Mar  19 14:43:15,	Probe Request,	84:ba:3b:80:f6:2a,	LAN Turtle
Mar  19 14:43:29,	Probe Request,	a4:77:33:02:15:34,	Yeehawken
Mar  19 14:43:33,	Probe Request,	c4:e9:84:e0:2d:79,	FiOS-KTFGH-5G
Mar  19 14:43:35,	Probe Request,	e0:e7:51:69:8b:aa,	HOME-4DB4
Mar  19 14:43:40,	Probe Request,	e0:e7:51:69:8b:aa,	HOME-4DB4
Mar  19 14:43:43,	Probe Request,	84:ba:3b:80:f6:2a,	LAN Turtle
Mar  19 14:43:45,	Probe Request,	c4:d9:87:e2:77:8c,	Loading.....
