Mar   3 21:20:53,	Probe Request,	78:4b:87:fd:d1:0a,	ckwoffice
Mar   3 21:20:53,	Probe Request,	78:4b:87:fd:d1:0a,	CKWOFFICE
Mar   3 21:20:56,	Probe Request,	00:23:12:13:ea:45,	Boingo Hotspot
Mar   3 21:21:02,	Probe Request,	70:14:a6:56:81:71,	Stevens
Mar   3 21:21:05,	Probe Request,	00:23:12:13:ea:45,	Boingo Hotspot
Mar   3 21:21:06,	Probe Request,	80:00:0b:15:7b:b0,	Stevens
Mar   3 21:21:09,	Probe Request,	a4:b8:05:d5:98:56,	Stevens
Mar   3 21:21:09,	Probe Request,	2c:59:e5:c3:0f:5c,	Stevens Student
Mar   3 21:21:11,	Probe Request,	44:00:10:ad:8e:7b,	Stevens
Mar   3 21:21:12,	Probe Request,	8c:79:67:a5:5d:e4,	BPCA-Wireless
Mar   3 21:21:12,	Association,	8c:79:67:a5:5d:e4,	BPCA-Wireless
Mar   3 21:21:12,	Probe Request,	68:c4:4d:07:0c:80,	attwifibn
Mar   3 21:21:12,	Probe Request,	cc:29:f5:34:ed:db,	Stevens
Mar   3 21:21:13,	Probe Request,	ac:37:43:a6:67:fa,	Stevens
Mar   3 21:21:18,	Probe Request,	70:14:a6:56:81:71,	Stevens
Mar   3 21:21:20,	Probe Request,	f4:37:b7:80:0a:18,	Stevens
Mar   3 21:21:23,	Probe Request,	da:a1:19:e4:7b:66,	BPCA-Wireless
Mar   3 21:21:28,	Probe Request,	a0:88:b4:84:38:94,	Stevens
Mar   3 21:21:30,	Probe Request,	f4:5c:89:ca:48:69,	SISLINK
Mar   3 21:21:31,	Probe Request,	e4:a4:71:be:94:39,	Stevens
Mar   3 21:21:31,	Probe Request,	da:a1:19:4d:9c:87,	BPCA-Wireless
Mar   3 21:21:32,	Probe Request,	34:02:86:9a:12:2b,	Stevens
Mar   3 21:21:33,	Probe Request,	da:a1:19:55:6d:21,	BPCA-Wireless
Mar   3 21:21:33,	Probe Request,	00:23:12:13:ea:45,	Boingo Hotspot
Mar   3 21:21:36,	Probe Request,	3c:a9:f4:3c:86:50,	Stevens
Mar   3 21:21:36,	Probe Request,	44:00:10:ad:8e:7b,	Stevens
Mar   3 21:21:41,	Probe Request,	2c:59:e5:c3:0f:5c,	Stevens Student
Mar   3 21:21:43,	Probe Request,	bc:54:36:4f:f5:74,	Stevens
Mar   3 21:21:47,	Probe Request,	da:a1:19:7e:15:c9,	BPCA-Wireless
Mar   3 21:21:47,	Probe Request,	0c:3e:9f:3e:e4:bd,	Stevens
Mar   3 21:21:57,	Probe Request,	00:23:15:4a:7a:84,	Stevens
Mar   3 21:21:57,	Probe Request,	da:a1:19:f1:ae:62,	BPCA-Wireless
Mar   3 21:21:58,	Probe Request,	da:a1:19:c9:9f:8a,	BPCA-Wireless
Mar   3 21:22:00,	Probe Request,	70:48:0f:79:8c:11,	Stevens
Mar   3 21:22:09,	Probe Request,	9c:fc:01:50:51:c2,	Stevens
Mar   3 21:22:14,	Probe Request,	70:48:0f:79:8c:11,	Stevens
Mar   3 21:22:18,	Probe Request,	44:00:10:ad:8e:7b,	Stevens
Mar   3 21:22:19,	Probe Request,	00:23:12:13:ea:45,	Boingo Hotspot
Mar   3 21:22:23,	Probe Request,	70:14:a6:56:81:71,	Stevens
Mar   3 21:22:34,	Probe Request,	9c:fc:01:50:51:c2,	Stevens
Mar   3 21:22:36,	Probe Request,	a0:88:b4:84:38:94,	Stevens
Mar   3 21:22:39,	Probe Request,	70:48:0f:84:7f:6b,	Stevens
Mar   3 21:22:40,	Probe Request,	ac:37:43:a6:67:fa,	Stevens
Mar   3 21:22:43,	Probe Request,	2c:59:e5:c3:0f:5c,	Stevens Student
Mar   3 21:22:45,	Probe Request,	3c:a9:f4:3c:86:50,	Stevens
Mar   3 21:22:46,	Probe Request,	78:4b:87:fd:d1:0a,	ckwoffice
Mar   3 21:22:46,	Probe Request,	78:4b:87:fd:d1:0a,	CKWOFFICE
Mar   3 21:22:56,	Probe Request,	00:23:12:13:ea:45,	Boingo Hotspot
Mar   3 21:23:03,	Probe Request,	4c:66:41:6b:20:d0,	attwifi
Mar   3 21:23:04,	Probe Request,	2c:f0:a2:a5:43:11,	Stevens
Mar   3 21:23:06,	Probe Request,	00:23:12:13:ea:45,	Boingo Hotspot
