Mar  19 14:33:02,	Probe Request,	84:ba:3b:80:f6:2a,	LAN Turtle
Mar  19 14:33:11,	Probe Request,	c4:d9:87:e2:77:8c,	Loading.....
Mar  19 14:33:15,	Probe Request,	a4:77:33:25:34:32,	mrs.biggles
Mar  19 14:33:16,	Probe Request,	84:ba:3b:80:f6:2a,	LAN Turtle
Mar  19 14:33:29,	Probe Request,	a4:77:33:02:15:34,	Yeehawken
Mar  19 14:33:35,	Probe Request,	e0:e7:51:69:8b:aa,	HOME-4DB4
Mar  19 14:33:40,	Probe Request,	e0:e7:51:69:8b:aa,	HOME-4DB4
Mar  19 14:33:40,	Probe Request,	84:ba:3b:80:f6:2a,	LAN Turtle
Mar  19 14:33:48,	Probe Request,	a4:77:33:02:15:34,	Yeehawken
Mar  19 14:33:53,	Probe Request,	e0:e7:51:69:8b:aa,	HOME-4DB4
Mar  19 14:33:53,	Probe Request,	84:ba:3b:80:f6:2a,	LAN Turtle
Mar  19 14:34:06,	Probe Request,	a4:77:33:25:34:32,	mrs.biggles
Mar  19 14:34:43,	Probe Request,	c4:e9:84:e0:2d:79,	FiOS-KTFGH
Mar  19 14:34:46,	Probe Request,	84:ba:3b:80:f6:2a,	LAN Turtle
Mar  19 14:34:51,	Probe Request,	a4:77:33:02:15:34,	Yeehawken
Mar  19 14:34:56,	Probe Request,	aa:73:77:37:24:a7,	VPNWi-Fi
Mar  19 14:35:15,	Probe Request,	a4:77:33:25:34:32,	mrs.biggles
Mar  19 14:35:16,	Probe Request,	84:ba:3b:80:f6:2a,	LAN Turtle
Mar  19 14:35:23,	Probe Request,	e8:de:27:a4:c1:15,	Stevens
Mar  19 14:35:29,	Probe Request,	a4:77:33:02:15:34,	Yeehawken
Mar  19 14:35:39,	Probe Request,	d0:25:98:63:f9:d5,	FiOS-I784X
Mar  19 14:35:47,	Probe Request,	84:ba:3b:80:f6:2a,	LAN Turtle
Mar  19 14:35:54,	Probe Request,	a4:77:33:02:15:34,	Yeehawken
Mar  19 14:35:59,	Probe Request,	0c:47:c9:9f:a5:73,	M9SC3
Mar  19 14:35:59,	Probe Request,	0c:47:c9:9f:a5:73,	Wu Tang Lan
Mar  19 14:35:59,	Probe Request,	0c:47:c9:9f:a5:73,	Drop It Like It's Hotspot
Mar  19 14:35:59,	Probe Request,	0c:47:c9:9f:a5:73,	The Country Place Hidden 5
Mar  19 14:36:09,	Probe Request,	c4:d9:87:e2:77:8c,	Loading.....
Mar  19 14:36:12,	Probe Request,	a4:77:33:25:34:32,	mrs.biggles
Mar  19 14:36:16,	Probe Request,	84:ba:3b:80:f6:2a,	LAN Turtle
Mar  19 14:36:19,	Probe Request,	e8:de:27:a4:c1:15,	FiOS-KTFGH-5G
Mar  19 14:36:30,	Probe Request,	02:cb:51:65:e8:9f,	VPNWi-Fi
Mar  19 14:36:39,	Probe Request,	b4:8b:19:ec:ab:df,	Yeehawken
Mar  19 14:36:46,	Probe Request,	84:ba:3b:80:f6:2a,	LAN Turtle
Mar  19 14:36:57,	Probe Request,	a4:77:33:02:15:34,	Yeehawken
Mar  19 14:37:14,	Probe Request,	a4:77:33:25:34:32,	mrs.biggles
Mar  19 14:37:15,	Probe Request,	84:ba:3b:80:f6:2a,	LAN Turtle
Mar  19 14:37:22,	Probe Request,	64:b0:a6:a5:77:da,	FiOS-I784X
Mar  19 14:37:29,	Probe Request,	a4:77:33:02:15:34,	Yeehawken
Mar  19 14:37:41,	Probe Request,	68:1c:a2:07:5a:9a,	Room810
Mar  19 14:37:46,	Probe Request,	84:ba:3b:80:f6:2a,	LAN Turtle
Mar  19 14:38:00,	Probe Request,	a4:77:33:02:15:34,	Yeehawken
Mar  19 14:38:15,	Probe Request,	84:ba:3b:80:f6:2a,	LAN Turtle
Mar  19 14:38:17,	Probe Request,	a4:77:33:25:34:32,	mrs.biggles
Mar  19 14:38:19,	Probe Request,	c4:e9:84:e0:2d:79,	FiOS-KTFGH-5G
Mar  19 14:38:46,	Probe Request,	84:ba:3b:80:f6:2a,	LAN Turtle
Mar  19 14:38:48,	Probe Request,	9e:2c:a1:3e:c2:19,	VPNWi-Fi
Mar  19 14:38:52,	Probe Request,	88:71:e5:54:11:34,	Loading.....
Mar  19 14:38:59,	Probe Request,	b4:8b:19:ec:ab:df,	Yeehawken
Mar  19 14:39:02,	Probe Request,	a4:77:33:02:15:34,	Yeehawken
Mar  19 14:39:15,	Probe Request,	a4:77:33:25:34:32,	mrs.biggles
Mar  19 14:39:15,	Probe Request,	a4:77:33:25:34:32,	mrs.biggles
Mar  19 14:39:16,	Probe Request,	84:ba:3b:80:f6:2a,	LAN Turtle
Mar  19 14:39:29,	Probe Request,	a4:77:33:02:15:34,	Yeehawken
Mar  19 14:39:46,	Probe Request,	84:ba:3b:80:f6:2a,	LAN Turtle
Mar  19 14:40:05,	Probe Request,	a4:77:33:02:15:34,	Yeehawken
Mar  19 14:40:18,	Probe Request,	84:ba:3b:80:f6:2a,	LAN Turtle
Mar  19 14:40:21,	Probe Request,	e8:de:27:a4:c1:15,	FiOS-KTFGH-5G
Mar  19 14:40:23,	Probe Request,	a4:77:33:25:34:32,	mrs.biggles
Mar  19 14:40:24,	Probe Request,	c4:d9:87:e2:77:8c,	Loading.....
Mar  19 14:40:33,	Probe Request,	c4:e9:84:e0:2d:79,	FiOS-KTFGH-5G
Mar  19 14:40:35,	Probe Request,	e0:e7:51:69:8b:aa,	HOME-4DB4
Mar  19 14:40:36,	Probe Request,	28:ed:6a:f1:74:ef,	optimumwifi
Mar  19 14:40:40,	Probe Request,	e0:e7:51:69:8b:aa,	HOME-4DB4
Mar  19 14:40:40,	Probe Request,	84:ba:3b:80:f6:2a,	LAN Turtle
Mar  19 14:40:42,	Probe Request,	9e:ae:ba:68:e7:bd,	WESTPOINT_MOBILE
Mar  19 14:40:54,	Probe Request,	e0:e7:51:69:8b:aa,	HOME-4DB4
Mar  19 14:40:56,	Probe Request,	84:ba:3b:80:f6:2a,	LAN Turtle
Mar  19 14:40:57,	Probe Request,	28:ed:6a:f1:74:ef,	optimumwifi
Mar  19 14:41:08,	Probe Request,	a4:77:33:02:15:34,	Yeehawken
Mar  19 14:41:25,	Probe Request,	a4:77:33:25:34:32,	mrs.biggles
Mar  19 14:41:26,	Probe Request,	c8:85:50:83:4c:0d,	xfinitywifi
Mar  19 14:41:33,	Probe Request,	c4:d9:87:e2:77:8c,	Loading.....
Mar  19 14:41:46,	Probe Request,	84:ba:3b:80:f6:2a,	LAN Turtle
Mar  19 14:41:56,	Probe Request,	c4:e9:84:e0:2d:79,	FiOS-KTFGH-5G
Mar  19 14:41:59,	Probe Request,	0c:47:c9:9f:a5:73,	M9SC3
Mar  19 14:41:59,	Probe Request,	0c:47:c9:9f:a5:73,	Wu Tang Lan
Mar  19 14:41:59,	Probe Request,	0c:47:c9:9f:a5:73,	Drop It Like It's Hotspot
Mar  19 14:41:59,	Probe Request,	0c:47:c9:9f:a5:73,	The Country Place Hidden 5
Mar  19 14:42:11,	Probe Request,	a4:77:33:02:15:34,	Yeehawken
Mar  19 14:42:16,	Probe Request,	84:ba:3b:80:f6:2a,	LAN Turtle
Mar  19 14:42:28,	Probe Request,	a4:77:33:25:34:32,	mrs.biggles
Mar  19 14:42:45,	Probe Request,	84:ba:3b:80:f6:2a,	LAN Turtle
Mar  19 14:43:14,	Probe Request,	a4:77:33:02:15:34,	Yeehawken
Mar  19 14:43:15,	Probe Request,	a4:77:33:25:34:32,	mrs.biggles
Mar  19 14:43:15,	Probe Request,	a4:77:33:25:34:32,	mrs.biggles
Mar  19 14:43:15,	Probe Request,	84:ba:3b:80:f6:2a,	LAN Turtle
Mar  19 14:43:29,	Probe Request,	a4:77:33:02:15:34,	Yeehawken
Mar  19 14:43:33,	Probe Request,	c4:e9:84:e0:2d:79,	FiOS-KTFGH-5G
Mar  19 14:43:35,	Probe Request,	e0:e7:51:69:8b:aa,	HOME-4DB4
Mar  19 14:43:40,	Probe Request,	e0:e7:51:69:8b:aa,	HOME-4DB4
Mar  19 14:43:43,	Probe Request,	84:ba:3b:80:f6:2a,	LAN Turtle
Mar  19 14:43:45,	Probe Request,	c4:d9:87:e2:77:8c,	Loading.....
Mar  19 14:43:54,	Probe Request,	e0:e7:51:69:8b:aa,	HOME-4DB4
Mar  19 14:43:55,	Probe Request,	84:ba:3b:80:f6:2a,	LAN Turtle
Mar  19 14:44:16,	Probe Request,	a4:77:33:02:15:34,	Yeehawken
Mar  19 14:44:34,	Probe Request,	a4:77:33:25:34:32,	mrs.biggles
Mar  19 14:44:46,	Probe Request,	84:ba:3b:80:f6:2a,	LAN Turtle
Mar  19 14:45:00,	Probe Request,	c4:e9:84:e0:2d:79,	FiOS-KTFGH-5G
Mar  19 14:45:15,	Probe Request,	a4:77:33:25:34:32,	mrs.biggles
Mar  19 14:45:15,	Probe Request,	a4:77:33:25:34:32,	mrs.biggles
Mar  19 14:45:16,	Probe Request,	84:ba:3b:80:f6:2a,	LAN Turtle
Mar  19 14:45:19,	Probe Request,	a4:77:33:02:15:34,	Yeehawken
Mar  19 14:45:46,	Probe Request,	84:ba:3b:80:f6:2a,	LAN Turtle
Mar  19 14:46:06,	Probe Request,	68:1c:a2:07:5a:9a,	Room810
Mar  19 14:46:16,	Probe Request,	84:ba:3b:80:f6:2a,	LAN Turtle
Mar  19 14:46:22,	Probe Request,	a4:77:33:02:15:34,	Yeehawken
Mar  19 14:46:39,	Probe Request,	a4:77:33:25:34:32,	mrs.biggles
Mar  19 14:46:41,	Probe Request,	d0:25:98:63:f9:d5,	FiOS-I784X
Mar  19 14:46:46,	Probe Request,	84:ba:3b:80:f6:2a,	LAN Turtle
Mar  19 14:47:15,	Probe Request,	a4:77:33:25:34:32,	mrs.biggles
Mar  19 14:47:16,	Probe Request,	84:ba:3b:80:f6:2a,	LAN Turtle
Mar  19 14:47:25,	Probe Request,	a4:77:33:02:15:34,	Yeehawken
Mar  19 14:47:42,	Probe Request,	a4:77:33:25:34:32,	mrs.biggles
Mar  19 14:47:45,	Probe Request,	84:ba:3b:80:f6:2a,	LAN Turtle
Mar  19 14:47:59,	Probe Request,	0c:47:c9:9f:a5:73,	M9SC3
Mar  19 14:47:59,	Probe Request,	0c:47:c9:9f:a5:73,	Wu Tang Lan
Mar  19 14:47:59,	Probe Request,	0c:47:c9:9f:a5:73,	Drop It Like It's Hotspot
Mar  19 14:47:59,	Probe Request,	0c:47:c9:9f:a5:73,	The Country Place Hidden 5
Mar  19 14:48:16,	Probe Request,	84:ba:3b:80:f6:2a,	LAN Turtle
Mar  19 14:48:28,	Probe Request,	a4:77:33:02:15:34,	Yeehawken
Mar  19 14:48:32,	Probe Request,	c4:d9:87:e2:77:8c,	Loading.....
Mar  19 14:48:45,	Probe Request,	a4:77:33:25:34:32,	mrs.biggles
Mar  19 14:48:45,	Probe Request,	a4:77:33:25:34:32,	mrs.biggles
Mar  19 14:48:46,	Probe Request,	84:ba:3b:80:f6:2a,	LAN Turtle
Mar  19 14:48:52,	Probe Request,	88:71:e5:54:11:34,	Loading.....
Mar  19 14:49:07,	Probe Request,	68:1c:a2:07:5a:9a,	Room810
Mar  19 14:49:16,	Probe Request,	84:ba:3b:80:f6:2a,	LAN Turtle
Mar  19 14:49:20,	Probe Request,	c4:e9:84:e0:2d:79,	FiOS-KTFGH-5G
Mar  19 14:49:29,	Probe Request,	a4:77:33:02:15:34,	Yeehawken
Mar  19 14:49:46,	Probe Request,	84:ba:3b:80:f6:2a,	LAN Turtle
Mar  19 14:49:47,	Probe Request,	a4:77:33:25:34:32,	mrs.biggles
Mar  19 14:50:16,	Probe Request,	84:ba:3b:80:f6:2a,	LAN Turtle
Mar  19 14:50:21,	Probe Request,	d0:25:98:63:f9:d5,	FiOS-I784X
Mar  19 14:50:34,	Probe Request,	a4:77:33:02:15:34,	Yeehawken
Mar  19 14:50:46,	Probe Request,	84:ba:3b:80:f6:2a,	LAN Turtle
Mar  19 14:50:49,	Probe Request,	c4:e9:84:e0:2d:79,	FiOS-KTFGH-5G
Mar  19 14:50:50,	Probe Request,	a4:77:33:25:34:32,	mrs.biggles
Mar  19 14:51:16,	Probe Request,	84:ba:3b:80:f6:2a,	LAN Turtle
Mar  19 14:51:30,	Probe Request,	a4:77:33:02:15:34,	Yeehawken
Mar  19 14:51:36,	Probe Request,	e0:e7:51:69:8b:aa,	HOME-4DB4
Mar  19 14:51:40,	Probe Request,	e0:e7:51:69:8b:aa,	HOME-4DB4
Mar  19 14:51:40,	Probe Request,	84:ba:3b:80:f6:2a,	LAN Turtle
Mar  19 14:51:53,	Probe Request,	a4:77:33:25:34:32,	mrs.biggles
Mar  19 14:51:53,	Probe Request,	84:ba:3b:80:f6:2a,	LAN Turtle
Mar  19 14:51:53,	Probe Request,	e0:e7:51:69:8b:aa,	HOME-4DB4
Mar  19 14:52:24,	Probe Request,	c4:e9:84:e0:2d:79,	FiOS-KTFGH-5G
Mar  19 14:52:24,	Probe Request,	c4:d9:87:e2:77:8c,	Loading.....
Mar  19 14:52:39,	Probe Request,	a4:77:33:02:15:34,	Yeehawken
Mar  19 14:52:46,	Probe Request,	84:ba:3b:80:f6:2a,	LAN Turtle
Mar  19 14:52:56,	Probe Request,	a4:77:33:25:34:32,	mrs.biggles
Mar  19 14:53:15,	Probe Request,	a4:77:33:25:34:32,	mrs.biggles
Mar  19 14:53:15,	Probe Request,	84:ba:3b:80:f6:2a,	LAN Turtle
Mar  19 14:53:25,	Probe Request,	d0:25:98:63:f9:d5,	FiOS-I784X
Mar  19 14:53:30,	Probe Request,	a4:77:33:02:15:34,	Yeehawken
Mar  19 14:53:35,	Probe Request,	e0:e7:51:69:8b:aa,	HOME-4DB4
Mar  19 14:53:40,	Probe Request,	e0:e7:51:69:8b:aa,	HOME-4DB4
Mar  19 14:53:42,	Probe Request,	a4:77:33:02:15:34,	Yeehawken
Mar  19 14:53:42,	Probe Request,	84:ba:3b:80:f6:2a,	LAN Turtle
Mar  19 14:53:54,	Probe Request,	84:ba:3b:80:f6:2a,	LAN Turtle
Mar  19 14:53:54,	Probe Request,	e0:e7:51:69:8b:aa,	HOME-4DB4
Mar  19 14:53:58,	Probe Request,	a4:77:33:25:34:32,	mrs.biggles
Mar  19 14:53:59,	Probe Request,	0c:47:c9:9f:a5:73,	M9SC3
Mar  19 14:54:45,	Probe Request,	a4:77:33:02:15:34,	Yeehawken
Mar  19 14:54:45,	Probe Request,	a4:77:33:02:15:34,	Yeehawken
Mar  19 14:54:45,	Probe Request,	84:ba:3b:80:f6:2a,	LAN Turtle
Mar  19 14:54:49,	Probe Request,	d0:25:98:08:e6:13,	9J2FS
Mar  19 14:55:02,	Probe Request,	a4:77:33:25:34:32,	mrs.biggles
Mar  19 14:55:10,	Probe Request,	68:1c:a2:07:5a:9a,	Room810
Mar  19 14:55:16,	Probe Request,	84:ba:3b:80:f6:2a,	LAN Turtle
Mar  19 14:55:27,	Probe Request,	1e:1e:cc:30:5a:e1,	WESTPOINT_MOBILE
Mar  19 14:55:29,	Probe Request,	90:b6:86:b4:8f:73,	VerizonWiFiAccess
Mar  19 14:55:30,	Probe Request,	a4:77:33:02:15:34,	Yeehawken
Mar  19 14:55:32,	Probe Request,	c4:d9:87:e2:77:8c,	Loading.....
Mar  19 14:55:46,	Probe Request,	84:ba:3b:80:f6:2a,	LAN Turtle
Mar  19 14:55:48,	Probe Request,	a4:77:33:02:15:34,	Yeehawken
Mar  19 14:55:49,	Probe Request,	d0:25:98:08:e6:13,	9J2FS
Mar  19 14:56:04,	Probe Request,	a4:77:33:25:34:32,	mrs.biggles
Mar  19 14:56:16,	Probe Request,	84:ba:3b:80:f6:2a,	LAN Turtle
Mar  19 14:56:39,	Probe Request,	20:ab:37:60:71:51,	FiOS-I784X-5G
Mar  19 14:56:41,	Probe Request,	c4:d9:87:e2:77:8c,	Loading.....
Mar  19 14:56:46,	Probe Request,	84:ba:3b:80:f6:2a,	LAN Turtle
Mar  19 14:56:50,	Probe Request,	a4:77:33:02:15:34,	Yeehawken
Mar  19 14:57:07,	Probe Request,	a4:77:33:25:34:32,	mrs.biggles
Mar  19 14:57:15,	Probe Request,	a4:77:33:25:34:32,	mrs.biggles
Mar  19 14:57:15,	Probe Request,	84:ba:3b:80:f6:2a,	LAN Turtle
Mar  19 14:57:19,	Probe Request,	c4:e9:84:e0:2d:79,	FiOS-KTFGH-5G
Mar  19 14:57:30,	Probe Request,	a4:77:33:02:15:34,	Yeehawken
Mar  19 14:57:35,	Probe Request,	90:b6:86:b4:8f:73,	VerizonWiFiAccess
Mar  19 14:57:46,	Probe Request,	84:ba:3b:80:f6:2a,	LAN Turtle
Mar  19 14:57:49,	Probe Request,	c4:d9:87:e2:77:8c,	Loading.....
Mar  19 14:57:52,	Probe Request,	cc:08:8d:6f:1f:e5,	FiOS-I784X
Mar  19 14:57:52,	Probe Request,	64:b0:a6:a5:77:da,	FiOS-I784X
Mar  19 14:57:53,	Probe Request,	a4:77:33:02:15:34,	Yeehawken
Mar  19 14:58:10,	Probe Request,	a4:77:33:25:34:32,	mrs.biggles
Mar  19 14:58:17,	Probe Request,	84:ba:3b:80:f6:2a,	LAN Turtle
Mar  19 14:58:28,	Probe Request,	cc:08:8d:6f:1f:e5,	FiOS-I784X
Mar  19 14:58:46,	Probe Request,	84:ba:3b:80:f6:2a,	LAN Turtle
Mar  19 14:58:51,	Probe Request,	c4:e9:84:e0:2d:79,	FiOS-KTFGH-5G
Mar  19 14:58:52,	Probe Request,	88:71:e5:54:11:34,	Loading.....
Mar  19 14:58:55,	Probe Request,	ac:cf:5c:3e:41:8d,	revis
Mar  19 14:58:56,	Probe Request,	a4:77:33:02:15:34,	Yeehawken
Mar  19 14:59:02,	Probe Request,	20:ab:37:60:71:51,	FiOS-I784X-5G
Mar  19 14:59:14,	Probe Request,	a4:77:33:25:34:32,	mrs.biggles
Mar  19 14:59:15,	Probe Request,	a4:77:33:25:34:32,	mrs.biggles
Mar  19 14:59:16,	Probe Request,	84:ba:3b:80:f6:2a,	LAN Turtle
Mar  19 14:59:30,	Probe Request,	a4:77:33:02:15:34,	Yeehawken
Mar  19 14:59:31,	Probe Request,	d0:25:98:63:f9:d5,	FiOS-I784X
Mar  19 14:59:48,	Probe Request,	84:ba:3b:80:f6:2a,	LAN Turtle
Mar  19 14:59:59,	Probe Request,	a4:77:33:02:15:34,	Yeehawken
Mar  19 14:59:59,	Probe Request,	0c:47:c9:9f:a5:73,	M9SC3
Mar  19 14:59:59,	Probe Request,	0c:47:c9:9f:a5:73,	Wu Tang Lan
Mar  19 14:59:59,	Probe Request,	0c:47:c9:9f:a5:73,	Drop It Like It's Hotspot
Mar  19 14:59:59,	Probe Request,	0c:47:c9:9f:a5:73,	The Country Place Hidden 5
Mar  19 15:00:16,	Probe Request,	84:ba:3b:80:f6:2a,	LAN Turtle
Mar  19 15:00:33,	Probe Request,	c4:e9:84:e0:2d:79,	FiOS-KTFGH-5G
Mar  19 15:00:46,	Probe Request,	84:ba:3b:80:f6:2a,	LAN Turtle
Mar  19 15:01:01,	Probe Request,	a4:77:33:02:15:34,	Yeehawken
Mar  19 15:01:14,	Probe Request,	64:b0:a6:a5:77:da,	FiOS-I784X
Mar  19 15:01:16,	Probe Request,	84:ba:3b:80:f6:2a,	LAN Turtle
Mar  19 15:01:18,	Probe Request,	68:1c:a2:07:5a:9a,	Room810
Mar  19 15:01:30,	Probe Request,	a4:77:33:02:15:34,	Yeehawken
Mar  19 15:01:46,	Probe Request,	84:ba:3b:80:f6:2a,	LAN Turtle
Mar  19 15:02:04,	Probe Request,	a4:77:33:02:15:34,	Yeehawken
Mar  19 15:02:12,	Probe Request,	c4:e9:84:e0:2d:79,	FiOS-KTFGH-5G
Mar  19 15:02:16,	Probe Request,	84:ba:3b:80:f6:2a,	LAN Turtle
Mar  19 15:02:20,	Probe Request,	68:1c:a2:07:5a:9a,	Room810
Mar  19 15:02:22,	Probe Request,	a4:77:33:25:34:32,	mrs.biggles
Mar  19 15:02:28,	Probe Request,	c4:e9:84:e0:2d:79,	FiOS-KTFGH-5G
Mar  19 15:02:35,	Probe Request,	e0:e7:51:69:8b:aa,	HOME-4DB4
Mar  19 15:02:41,	Probe Request,	e0:e7:51:69:8b:aa,	HOME-4DB4
Mar  19 15:02:43,	Probe Request,	84:ba:3b:80:f6:2a,	LAN Turtle
Mar  19 15:02:55,	Probe Request,	e0:e7:51:69:8b:aa,	HOME-4DB4
Mar  19 15:02:55,	Probe Request,	84:ba:3b:80:f6:2a,	LAN Turtle
Mar  19 15:03:07,	Probe Request,	a4:77:33:02:15:34,	Yeehawken
Mar  19 15:03:15,	Probe Request,	a4:77:33:25:34:32,	mrs.biggles
Mar  19 15:03:38,	Probe Request,	98:5f:d3:e3:68:c8,	IWNS3
Mar  19 15:03:38,	Probe Request,	98:5f:d3:e3:68:c8,	FiOS-H88ZT
Mar  19 15:03:38,	Probe Request,	98:5f:d3:e3:68:c8,	optimumwifi
Mar  19 15:03:38,	Probe Request,	98:5f:d3:e3:68:c8,	mrs.biggles
Mar  19 15:03:38,	Probe Request,	98:5f:d3:e3:68:c8,	The Better 207
Mar  19 15:03:38,	Probe Request,	98:5f:d3:e3:68:c8,	Stevens
Mar  19 15:03:40,	Probe Request,	e0:e7:51:69:8b:aa,	HOME-4DB4
Mar  19 15:03:43,	Probe Request,	84:ba:3b:80:f6:2a,	LAN Turtle
Mar  19 15:03:49,	Probe Request,	c4:e9:84:e0:2d:79,	FiOS-KTFGH-5G
Mar  19 15:03:55,	Probe Request,	84:ba:3b:80:f6:2a,	LAN Turtle
Mar  19 15:03:55,	Probe Request,	e0:e7:51:69:8b:aa,	HOME-4DB4
Mar  19 15:04:10,	Probe Request,	a4:77:33:02:15:34,	Yeehawken
Mar  19 15:04:19,	Probe Request,	64:b0:a6:a5:77:da,	FiOS-I784X
Mar  19 15:04:27,	Probe Request,	a4:77:33:25:34:32,	mrs.biggles
Mar  19 15:04:46,	Probe Request,	84:ba:3b:80:f6:2a,	LAN Turtle
Mar  19 15:05:13,	Probe Request,	a4:77:33:02:15:34,	Yeehawken
Mar  19 15:05:15,	Probe Request,	a4:77:33:25:34:32,	mrs.biggles
Mar  19 15:05:15,	Probe Request,	a4:77:33:25:34:32,	mrs.biggles
Mar  19 15:05:17,	Probe Request,	84:ba:3b:80:f6:2a,	LAN Turtle
Mar  19 15:05:30,	Probe Request,	a4:77:33:02:15:34,	Yeehawken
Mar  19 15:05:33,	Probe Request,	d0:25:98:63:f9:d5,	FiOS-I784X
Mar  19 15:05:47,	Probe Request,	84:ba:3b:80:f6:2a,	LAN Turtle
Mar  19 15:05:50,	Probe Request,	ac:cf:5c:3e:41:8d,	revis
Mar  19 15:05:59,	Probe Request,	0c:47:c9:9f:a5:73,	M9SC3
Mar  19 15:05:59,	Probe Request,	0c:47:c9:9f:a5:73,	Wu Tang Lan
Mar  19 15:05:59,	Probe Request,	0c:47:c9:9f:a5:73,	Drop It Like It's Hotspot
Mar  19 15:05:59,	Probe Request,	0c:47:c9:9f:a5:73,	The Country Place Hidden 5
Mar  19 15:06:16,	Probe Request,	a4:77:33:02:15:34,	Yeehawken
Mar  19 15:06:16,	Probe Request,	84:ba:3b:80:f6:2a,	LAN Turtle
Mar  19 15:06:25,	Probe Request,	c4:d9:87:e2:77:8c,	Loading.....
Mar  19 15:06:33,	Probe Request,	a4:77:33:25:34:32,	mrs.biggles
Mar  19 15:06:44,	Probe Request,	98:5f:d3:e3:68:c8,	FiOS-H88ZT
Mar  19 15:06:46,	Probe Request,	84:ba:3b:80:f6:2a,	LAN Turtle
Mar  19 15:06:46,	Probe Request,	98:5f:d3:e3:68:c8,	FiOS-H88ZT
Mar  19 15:06:59,	Probe Request,	c4:e9:84:e0:2d:79,	FiOS-KTFGH-5G
Mar  19 15:07:13,	Probe Request,	ac:cf:5c:3e:41:8d,	revis
Mar  19 15:07:15,	Probe Request,	a4:77:33:25:34:32,	mrs.biggles
Mar  19 15:07:15,	Probe Request,	a4:77:33:25:34:32,	mrs.biggles
Mar  19 15:07:16,	Probe Request,	84:ba:3b:80:f6:2a,	LAN Turtle
Mar  19 15:07:18,	Probe Request,	a4:77:33:02:15:34,	Yeehawken
Mar  19 15:07:33,	Probe Request,	c4:d9:87:e2:77:8c,	Loading.....
Mar  19 15:07:46,	Probe Request,	84:ba:3b:80:f6:2a,	LAN Turtle
Mar  19 15:08:16,	Probe Request,	84:ba:3b:80:f6:2a,	LAN Turtle
Mar  19 15:08:21,	Probe Request,	a4:77:33:02:15:34,	Yeehawken
Mar  19 15:08:30,	Probe Request,	90:b6:86:b4:8f:73,	VerizonWiFiAccess
Mar  19 15:08:30,	Probe Request,	c4:e9:84:e0:2d:79,	FiOS-KTFGH-5G
Mar  19 15:08:38,	Probe Request,	a4:77:33:25:34:32,	mrs.biggles
Mar  19 15:08:47,	Probe Request,	84:ba:3b:80:f6:2a,	LAN Turtle
Mar  19 15:08:52,	Probe Request,	88:71:e5:54:11:34,	Loading.....
Mar  19 15:08:53,	Probe Request,	64:b0:a6:a5:77:da,	FiOS-I784X
Mar  19 15:09:15,	Probe Request,	a4:77:33:25:34:32,	mrs.biggles
Mar  19 15:09:15,	Probe Request,	a4:77:33:25:34:32,	mrs.biggles
Mar  19 15:09:15,	Probe Request,	84:ba:3b:80:f6:2a,	LAN Turtle
Mar  19 15:09:24,	Probe Request,	a4:77:33:02:15:34,	Yeehawken
Mar  19 15:09:46,	Probe Request,	84:ba:3b:80:f6:2a,	LAN Turtle
Mar  19 15:10:01,	Probe Request,	c4:e9:84:e0:2d:79,	FiOS-KTFGH-5G
Mar  19 15:10:12,	Probe Request,	76:98:29:d6:36:15,	WESTPOINT_MOBILE
Mar  19 15:10:16,	Probe Request,	84:ba:3b:80:f6:2a,	LAN Turtle
Mar  19 15:10:27,	Probe Request,	a4:77:33:02:15:34,	Yeehawken
Mar  19 15:10:44,	Probe Request,	a4:77:33:25:34:32,	mrs.biggles
Mar  19 15:10:46,	Probe Request,	84:ba:3b:80:f6:2a,	LAN Turtle
Mar  19 15:10:49,	Probe Request,	c4:d9:87:e2:77:8c,	Loading.....
Mar  19 15:11:15,	Probe Request,	a4:77:33:25:34:32,	mrs.biggles
Mar  19 15:11:15,	Probe Request,	a4:77:33:25:34:32,	mrs.biggles
Mar  19 15:11:16,	Probe Request,	84:ba:3b:80:f6:2a,	LAN Turtle
Mar  19 15:11:23,	Probe Request,	a4:08:ea:16:b3:66,	optimumwifi
Mar  19 15:11:27,	Probe Request,	5c:8d:4e:95:93:17,	optimumwifi
Mar  19 15:11:30,	Probe Request,	a4:77:33:02:15:34,	Yeehawken
Mar  19 15:11:31,	Probe Request,	c4:e9:84:e0:2d:79,	FiOS-KTFGH-5G
Mar  19 15:11:41,	Probe Request,	d0:25:98:63:f9:d5,	FiOS-I784X
Mar  19 15:11:47,	Probe Request,	a4:77:33:25:34:32,	mrs.biggles
Mar  19 15:11:47,	Probe Request,	84:ba:3b:80:f6:2a,	LAN Turtle
Mar  19 15:11:59,	Probe Request,	0c:47:c9:9f:a5:73,	M9SC3
Mar  19 15:11:59,	Probe Request,	0c:47:c9:9f:a5:73,	Wu Tang Lan
Mar  19 15:11:59,	Probe Request,	0c:47:c9:9f:a5:73,	Drop It Like It's Hotspot
Mar  19 15:11:59,	Probe Request,	0c:47:c9:9f:a5:73,	The Country Place Hidden 5
Mar  19 15:12:15,	Probe Request,	84:ba:3b:80:f6:2a,	LAN Turtle
Mar  19 15:12:28,	Probe Request,	46:86:28:89:8e:71,	WESTPOINT_MOBILE
Mar  19 15:12:34,	Probe Request,	a4:77:33:02:15:34,	Yeehawken
Mar  19 15:12:46,	Probe Request,	84:ba:3b:80:f6:2a,	LAN Turtle
Mar  19 15:12:49,	Probe Request,	a4:77:33:25:34:32,	mrs.biggles
Mar  19 15:13:04,	Probe Request,	c4:e9:84:e0:2d:79,	FiOS-KTFGH-5G
Mar  19 15:13:15,	Probe Request,	a4:77:33:25:34:32,	mrs.biggles
Mar  19 15:13:16,	Probe Request,	84:ba:3b:80:f6:2a,	LAN Turtle
Mar  19 15:13:30,	Probe Request,	a4:77:33:02:15:34,	Yeehawken
Mar  19 15:13:36,	Probe Request,	e0:e7:51:69:8b:aa,	HOME-4DB4
Mar  19 15:13:40,	Probe Request,	e0:e7:51:69:8b:aa,	HOME-4DB4
Mar  19 15:13:40,	Probe Request,	cc:08:8d:6f:1f:e5,	FiOS-I784X
Mar  19 15:13:41,	Probe Request,	84:ba:3b:80:f6:2a,	LAN Turtle
Mar  19 15:13:49,	Probe Request,	68:1c:a2:07:5a:9a,	Room810
Mar  19 15:13:53,	Probe Request,	e0:e7:51:69:8b:aa,	HOME-4DB4
Mar  19 15:13:53,	Probe Request,	84:ba:3b:80:f6:2a,	LAN Turtle
Mar  19 15:13:53,	Probe Request,	cc:08:8d:6f:1f:e5,	FiOS-I784X
Mar  19 15:14:00,	Probe Request,	64:b0:a6:a5:77:da,	FiOS-I784X
Mar  19 15:14:21,	Probe Request,	84:ba:3b:80:f6:2a,	LAN Turtle
Mar  19 15:14:21,	Probe Request,	e0:e7:51:69:8b:aa,	HOME-4DB4
Mar  19 15:14:28,	Probe Request,	c4:e9:84:e0:2d:79,	FiOS-KTFGH-5G
Mar  19 15:14:40,	Probe Request,	a4:77:33:02:15:34,	Yeehawken
Mar  19 15:14:55,	Probe Request,	a4:77:33:25:34:32,	mrs.biggles
Mar  19 15:15:15,	Probe Request,	a4:77:33:25:34:32,	mrs.biggles
Mar  19 15:15:15,	Probe Request,	84:ba:3b:80:f6:2a,	LAN Turtle
Mar  19 15:15:30,	Probe Request,	a4:77:33:02:15:34,	Yeehawken
Mar  19 15:15:48,	Probe Request,	84:ba:3b:80:f6:2a,	LAN Turtle
Mar  19 15:15:58,	Probe Request,	a4:77:33:25:34:32,	mrs.biggles
Mar  19 15:16:02,	Probe Request,	c4:e9:84:e0:2d:79,	FiOS-KTFGH-5G
Mar  19 15:16:16,	Probe Request,	84:ba:3b:80:f6:2a,	LAN Turtle
Mar  19 15:16:23,	Probe Request,	68:1c:a2:07:5a:9a,	Room810
Mar  19 15:16:45,	Probe Request,	a4:77:33:02:15:34,	Yeehawken
Mar  19 15:16:46,	Probe Request,	84:ba:3b:80:f6:2a,	LAN Turtle
Mar  19 15:17:00,	Probe Request,	a4:77:33:25:34:32,	mrs.biggles
Mar  19 15:17:15,	Probe Request,	a4:77:33:25:34:32,	mrs.biggles
Mar  19 15:17:16,	Probe Request,	84:ba:3b:80:f6:2a,	LAN Turtle
Mar  19 15:17:16,	Probe Request,	c4:d9:87:e2:77:8c,	Loading.....
Mar  19 15:17:30,	Probe Request,	a4:77:33:02:15:34,	Yeehawken
Mar  19 15:17:45,	Probe Request,	84:ba:3b:80:f6:2a,	LAN Turtle
Mar  19 15:17:48,	Probe Request,	a4:77:33:02:15:34,	Yeehawken
Mar  19 15:17:50,	Probe Request,	d0:25:98:63:f9:d5,	FiOS-I784X
Mar  19 15:17:52,	Probe Request,	c4:e9:84:e0:2d:79,	FiOS-KTFGH-5G
Mar  19 15:17:59,	Probe Request,	0c:47:c9:9f:a5:73,	M9SC3
Mar  19 15:17:59,	Probe Request,	0c:47:c9:9f:a5:73,	Wu Tang Lan
Mar  19 15:17:59,	Probe Request,	0c:47:c9:9f:a5:73,	Drop It Like It's Hotspot
Mar  19 15:17:59,	Probe Request,	0c:47:c9:9f:a5:73,	The Country Place Hidden 5
Mar  19 15:18:03,	Probe Request,	a4:77:33:25:34:32,	mrs.biggles
Mar  19 15:18:15,	Probe Request,	cc:08:8d:6f:1f:e5,	FiOS-I784X
Mar  19 15:18:18,	Probe Request,	84:ba:3b:80:f6:2a,	LAN Turtle
Mar  19 15:18:46,	Probe Request,	84:ba:3b:80:f6:2a,	LAN Turtle
Mar  19 15:18:49,	Probe Request,	c4:d9:87:e2:77:8c,	Loading.....
Mar  19 15:18:51,	Probe Request,	a4:77:33:02:15:34,	Yeehawken
Mar  19 15:18:52,	Probe Request,	88:71:e5:54:11:34,	Loading.....
Mar  19 15:18:53,	Probe Request,	cc:08:8d:6f:1f:e5,	FiOS-I784X
Mar  19 15:19:06,	Probe Request,	a4:77:33:25:34:32,	mrs.biggles
Mar  19 15:19:08,	Probe Request,	64:b0:a6:a5:77:da,	FiOS-I784X
Mar  19 15:19:15,	Probe Request,	a4:77:33:25:34:32,	mrs.biggles
Mar  19 15:19:16,	Probe Request,	84:ba:3b:80:f6:2a,	LAN Turtle
Mar  19 15:19:30,	Probe Request,	a4:77:33:02:15:34,	Yeehawken
Mar  19 15:19:32,	Probe Request,	c4:e9:84:e0:2d:79,	FiOS-KTFGH-5G
Mar  19 15:19:47,	Probe Request,	84:ba:3b:80:f6:2a,	LAN Turtle
Mar  19 15:19:54,	Probe Request,	a4:77:33:02:15:34,	Yeehawken
Mar  19 15:20:09,	Probe Request,	a4:77:33:25:34:32,	mrs.biggles
Mar  19 15:20:16,	Probe Request,	84:ba:3b:80:f6:2a,	LAN Turtle
Mar  19 15:20:45,	Probe Request,	84:ba:3b:80:f6:2a,	LAN Turtle
Mar  19 15:20:57,	Probe Request,	a4:77:33:02:15:34,	Yeehawken
Mar  19 15:21:11,	Probe Request,	a4:77:33:25:34:32,	mrs.biggles
Mar  19 15:21:15,	Probe Request,	84:ba:3b:80:f6:2a,	LAN Turtle
Mar  19 15:21:30,	Probe Request,	a4:77:33:02:15:34,	Yeehawken
Mar  19 15:21:34,	Probe Request,	64:b0:a6:a5:77:da,	FiOS-I784X
Mar  19 15:21:43,	Probe Request,	68:1c:a2:07:5a:9a,	Room810
Mar  19 15:21:45,	Probe Request,	84:ba:3b:80:f6:2a,	LAN Turtle
Mar  19 15:21:51,	Probe Request,	64:b0:a6:a5:77:da,	FiOS-I784X
Mar  19 15:22:00,	Probe Request,	a4:77:33:02:15:34,	Yeehawken
Mar  19 15:22:03,	Probe Request,	c4:d9:87:e2:77:8c,	Loading.....
Mar  19 15:22:14,	Probe Request,	a4:77:33:25:34:32,	mrs.biggles
Mar  19 15:22:16,	Probe Request,	84:ba:3b:80:f6:2a,	LAN Turtle
Mar  19 15:22:46,	Probe Request,	84:ba:3b:80:f6:2a,	LAN Turtle
Mar  19 15:22:48,	Probe Request,	68:1c:a2:07:5a:9a,	Room810
Mar  19 15:23:01,	Probe Request,	c4:e9:84:e0:2d:79,	FiOS-KTFGH-5G
Mar  19 15:23:03,	Probe Request,	a4:77:33:02:15:34,	Yeehawken
Mar  19 15:23:15,	Probe Request,	a4:77:33:25:34:32,	mrs.biggles
Mar  19 15:23:15,	Probe Request,	a4:77:33:25:34:32,	mrs.biggles
Mar  19 15:23:16,	Probe Request,	84:ba:3b:80:f6:2a,	LAN Turtle
Mar  19 15:23:19,	Probe Request,	c4:e9:84:e0:2d:79,	FiOS-KTFGH-5G
Mar  19 15:23:30,	Probe Request,	a4:77:33:02:15:34,	Yeehawken
Mar  19 15:23:36,	Probe Request,	e0:e7:51:69:8b:aa,	HOME-4DB4
Mar  19 15:23:40,	Probe Request,	e0:e7:51:69:8b:aa,	HOME-4DB4
Mar  19 15:23:41,	Probe Request,	84:ba:3b:80:f6:2a,	LAN Turtle
Mar  19 15:23:54,	Probe Request,	e0:e7:51:69:8b:aa,	HOME-4DB4
Mar  19 15:23:55,	Probe Request,	84:ba:3b:80:f6:2a,	LAN Turtle
Mar  19 15:23:59,	Probe Request,	0c:47:c9:9f:a5:73,	M9SC3
Mar  19 15:24:06,	Probe Request,	a4:77:33:02:15:34,	Yeehawken
Mar  19 15:24:20,	Probe Request,	a4:77:33:25:34:32,	mrs.biggles
Mar  19 15:24:39,	Probe Request,	e0:e7:51:69:8b:aa,	HOME-4DB4
Mar  19 15:24:39,	Probe Request,	84:ba:3b:80:f6:2a,	LAN Turtle
Mar  19 15:24:53,	Probe Request,	e0:e7:51:69:8b:aa,	HOME-4DB4
Mar  19 15:24:53,	Probe Request,	68:1c:a2:07:5a:9a,	Room810
Mar  19 15:24:54,	Probe Request,	84:ba:3b:80:f6:2a,	LAN Turtle
Mar  19 15:24:57,	Probe Request,	da:a8:9e:4c:74:aa,	WESTPOINT_MOBILE
Mar  19 15:25:08,	Probe Request,	c4:e9:84:e0:2d:79,	FiOS-KTFGH-5G
Mar  19 15:25:09,	Probe Request,	a4:77:33:02:15:34,	Yeehawken
Mar  19 15:25:15,	Probe Request,	a4:77:33:25:34:32,	mrs.biggles
Mar  19 15:25:46,	Probe Request,	84:ba:3b:80:f6:2a,	LAN Turtle
Mar  19 15:26:11,	Probe Request,	c4:d9:87:e2:77:8c,	Loading.....
Mar  19 15:26:11,	Probe Request,	a4:77:33:02:15:34,	Yeehawken
Mar  19 15:26:16,	Probe Request,	84:ba:3b:80:f6:2a,	LAN Turtle
Mar  19 15:26:25,	Probe Request,	a4:77:33:25:34:32,	mrs.biggles
Mar  19 15:26:46,	Probe Request,	84:ba:3b:80:f6:2a,	LAN Turtle
Mar  19 15:27:00,	Probe Request,	c4:e9:84:e0:2d:79,	FiOS-KTFGH-5G
Mar  19 15:27:08,	Probe Request,	68:1c:a2:07:5a:9a,	Room810
Mar  19 15:27:14,	Probe Request,	a4:77:33:02:15:34,	Yeehawken
Mar  19 15:27:15,	Probe Request,	a4:77:33:25:34:32,	mrs.biggles
Mar  19 15:27:15,	Probe Request,	84:ba:3b:80:f6:2a,	LAN Turtle
Mar  19 15:27:30,	Probe Request,	a4:77:33:02:15:34,	Yeehawken
Mar  19 15:27:45,	Probe Request,	c4:d9:87:e2:77:8c,	Loading.....
Mar  19 15:27:45,	Probe Request,	84:ba:3b:80:f6:2a,	LAN Turtle
Mar  19 15:27:48,	Probe Request,	c4:d9:87:e2:77:8c,	Loading.....
Mar  19 15:28:13,	Probe Request,	68:1c:a2:07:5a:9a,	Room810
Mar  19 15:28:16,	Probe Request,	84:ba:3b:80:f6:2a,	LAN Turtle
Mar  19 15:28:17,	Probe Request,	a4:77:33:02:15:34,	Yeehawken
Mar  19 15:28:31,	Probe Request,	a4:77:33:25:34:32,	mrs.biggles
Mar  19 15:28:46,	Probe Request,	84:ba:3b:80:f6:2a,	LAN Turtle
Mar  19 15:28:52,	Probe Request,	88:71:e5:54:11:34,	Loading.....
Mar  19 15:28:58,	Probe Request,	c4:e9:84:e0:2d:79,	FiOS-KTFGH-5G
Mar  19 15:29:17,	Probe Request,	84:ba:3b:80:f6:2a,	LAN Turtle
Mar  19 15:29:20,	Probe Request,	a4:77:33:02:15:34,	Yeehawken
Mar  19 15:29:22,	Probe Request,	68:1c:a2:07:5a:9a,	Room810
Mar  19 15:29:22,	Probe Request,	cc:08:8d:6f:1f:e5,	FiOS-I784X
Mar  19 15:29:33,	Probe Request,	a4:77:33:25:34:32,	mrs.biggles
Mar  19 15:29:47,	Probe Request,	84:ba:3b:80:f6:2a,	LAN Turtle
Mar  19 15:29:59,	Probe Request,	0c:47:c9:9f:a5:73,	M9SC3
Mar  19 15:29:59,	Probe Request,	0c:47:c9:9f:a5:73,	Wu Tang Lan
Mar  19 15:29:59,	Probe Request,	0c:47:c9:9f:a5:73,	Drop It Like It's Hotspot
Mar  19 15:29:59,	Probe Request,	0c:47:c9:9f:a5:73,	The Country Place Hidden 5
Mar  19 15:30:07,	Probe Request,	d0:25:98:63:f9:d5,	FiOS-I784X
Mar  19 15:30:16,	Probe Request,	44:00:10:d4:cd:c2,	optimumwifi
Mar  19 15:30:16,	Probe Request,	84:ba:3b:80:f6:2a,	LAN Turtle
Mar  19 15:30:23,	Probe Request,	a4:77:33:02:15:34,	Yeehawken
Mar  19 15:30:24,	Probe Request,	cc:08:8d:6f:1f:e5,	FiOS-I784X
Mar  19 15:30:29,	Probe Request,	c4:e9:84:e0:2d:79,	FiOS-KTFGH-5G
Mar  19 15:30:36,	Probe Request,	a4:77:33:25:34:32,	mrs.biggles
Mar  19 15:30:39,	Probe Request,	18:2a:7b:0a:98:52,	3480B9
Mar  19 15:30:46,	Probe Request,	84:ba:3b:80:f6:2a,	LAN Turtle
Mar  19 15:30:47,	Probe Request,	18:2a:7b:0a:98:52,	3480B9
Mar  19 15:30:55,	Probe Request,	cc:08:8d:6f:1f:e5,	FiOS-I784X
Mar  19 15:31:10,	Probe Request,	78:31:c1:d4:8c:c8,	optimumwifi
Mar  19 15:31:17,	Probe Request,	84:ba:3b:80:f6:2a,	LAN Turtle
Mar  19 15:31:26,	Probe Request,	a4:77:33:02:15:34,	Yeehawken
Mar  19 15:31:39,	Probe Request,	a4:77:33:25:34:32,	mrs.biggles
Mar  19 15:31:46,	Probe Request,	84:ba:3b:80:f6:2a,	LAN Turtle
Mar  19 15:31:55,	Probe Request,	40:d2:8a:2c:31:42,	Firefly87
Mar  19 15:31:55,	Probe Request,	40:d2:8a:2c:31:42,	NWCUSBAP....C.l.a.r.e. .B.e.a.r.
Mar  19 15:32:17,	Probe Request,	84:ba:3b:80:f6:2a,	LAN Turtle
Mar  19 15:32:29,	Probe Request,	a4:77:33:02:15:34,	Yeehawken
Mar  19 15:32:43,	Probe Request,	a4:77:33:25:34:32,	mrs.biggles
Mar  19 15:32:46,	Probe Request,	84:ba:3b:80:f6:2a,	LAN Turtle
Mar  19 15:32:58,	Probe Request,	68:1c:a2:07:5a:9a,	Room810
Mar  19 15:33:15,	Probe Request,	a4:77:33:25:34:32,	mrs.biggles
Mar  19 15:33:15,	Probe Request,	a4:77:33:25:34:32,	mrs.biggles
Mar  19 15:33:16,	Probe Request,	84:ba:3b:80:f6:2a,	LAN Turtle
Mar  19 15:33:30,	Probe Request,	a4:77:33:02:15:34,	Yeehawken
Mar  19 15:33:36,	Probe Request,	e0:e7:51:69:8b:aa,	HOME-4DB4
Mar  19 15:33:39,	Probe Request,	e0:e7:51:69:8b:aa,	HOME-4DB4
Mar  19 15:33:40,	Probe Request,	84:ba:3b:80:f6:2a,	LAN Turtle
Mar  19 15:33:46,	Probe Request,	a4:77:33:25:34:32,	mrs.biggles
Mar  19 15:33:52,	Probe Request,	e0:e7:51:69:8b:aa,	HOME-4DB4
Mar  19 15:33:52,	Probe Request,	84:ba:3b:80:f6:2a,	LAN Turtle
Mar  19 15:34:07,	Probe Request,	c4:d9:87:e2:77:8c,	Loading.....
Mar  19 15:34:24,	Probe Request,	c4:e9:84:e0:2d:79,	FiOS-KTFGH-5G
Mar  19 15:34:35,	Probe Request,	a4:77:33:02:15:34,	Yeehawken
Mar  19 15:34:45,	Probe Request,	84:ba:3b:80:f6:2a,	LAN Turtle
Mar  19 15:34:48,	Probe Request,	a4:77:33:25:34:32,	mrs.biggles
Mar  19 15:35:16,	Probe Request,	84:ba:3b:80:f6:2a,	LAN Turtle
Mar  19 15:35:30,	Probe Request,	a4:77:33:02:15:34,	Yeehawken
Mar  19 15:35:36,	Probe Request,	e0:e7:51:69:8b:aa,	HOME-4DB4
Mar  19 15:35:40,	Probe Request,	e0:e7:51:69:8b:aa,	HOME-4DB4
Mar  19 15:35:40,	Probe Request,	84:ba:3b:80:f6:2a,	LAN Turtle
Mar  19 15:35:51,	Probe Request,	a4:77:33:25:34:32,	mrs.biggles
Mar  19 15:35:54,	Probe Request,	e0:e7:51:69:8b:aa,	HOME-4DB4
Mar  19 15:35:55,	Probe Request,	d0:25:98:63:f9:d5,	FiOS-I784X
Mar  19 15:35:56,	Probe Request,	84:ba:3b:80:f6:2a,	LAN Turtle
Mar  19 15:35:59,	Probe Request,	0c:47:c9:9f:a5:73,	M9SC3
Mar  19 15:36:25,	Probe Request,	c4:e9:84:e0:2d:79,	FiOS-KTFGH-5G
Mar  19 15:36:40,	Probe Request,	a4:77:33:02:15:34,	Yeehawken
Mar  19 15:36:45,	Probe Request,	20:ab:37:60:71:51,	FiOS-I784X-5G
Mar  19 15:36:46,	Probe Request,	84:ba:3b:80:f6:2a,	LAN Turtle
Mar  19 15:36:51,	Probe Request,	d0:c5:f3:4f:66:26,	optimumwifi
Mar  19 15:36:54,	Probe Request,	a4:77:33:25:34:32,	mrs.biggles
Mar  19 15:37:08,	Probe Request,	c4:d9:87:e2:77:8c,	Loading.....
Mar  19 15:37:15,	Probe Request,	84:ba:3b:80:f6:2a,	LAN Turtle
Mar  19 15:37:15,	Probe Request,	a4:77:33:25:34:32,	mrs.biggles
Mar  19 15:37:30,	Probe Request,	c4:d9:87:e2:77:8c,	Loading.....
Mar  19 15:37:30,	Probe Request,	a4:77:33:02:15:34,	Yeehawken
Mar  19 15:37:35,	Probe Request,	ac:5f:3e:19:5e:31,	xfinitywifi
Mar  19 15:37:46,	Probe Request,	84:ba:3b:80:f6:2a,	LAN Turtle
Mar  19 15:37:57,	Probe Request,	a4:77:33:25:34:32,	mrs.biggles
Mar  19 15:38:16,	Probe Request,	84:ba:3b:80:f6:2a,	LAN Turtle
Mar  19 15:38:22,	Probe Request,	dc:0b:34:83:36:2b,	optimumwifi
Mar  19 15:38:23,	Probe Request,	dc:0b:34:83:36:2b,	XYZ_987
Mar  19 15:38:46,	Probe Request,	84:ba:3b:80:f6:2a,	LAN Turtle
Mar  19 15:38:46,	Probe Request,	a4:77:33:02:15:34,	Yeehawken
Mar  19 15:38:52,	Probe Request,	88:71:e5:54:11:34,	Loading.....
Mar  19 15:38:59,	Probe Request,	a4:77:33:25:34:32,	mrs.biggles
Mar  19 15:39:15,	Probe Request,	a4:77:33:25:34:32,	mrs.biggles
Mar  19 15:39:15,	Probe Request,	84:ba:3b:80:f6:2a,	LAN Turtle
Mar  19 15:39:30,	Probe Request,	a4:77:33:02:15:34,	Yeehawken
Mar  19 15:39:41,	Probe Request,	1a:d4:eb:22:98:d7,	WESTPOINT_MOBILE
Mar  19 15:39:46,	Probe Request,	84:ba:3b:80:f6:2a,	LAN Turtle
Mar  19 15:39:47,	Probe Request,	7a:ac:e8:26:0a:7d,	WESTPOINT_MOBILE
Mar  19 15:39:49,	Probe Request,	a4:77:33:02:15:34,	Yeehawken
Mar  19 15:40:02,	Probe Request,	a4:77:33:25:34:32,	mrs.biggles
Mar  19 15:40:16,	Probe Request,	84:ba:3b:80:f6:2a,	LAN Turtle
Mar  19 15:40:20,	Probe Request,	c4:e9:84:e0:2d:79,	FiOS-KTFGH-5G
Mar  19 15:40:25,	Probe Request,	64:b0:a6:a5:77:da,	FiOS-I784X
Mar  19 15:40:46,	Probe Request,	84:ba:3b:80:f6:2a,	LAN Turtle
Mar  19 15:40:47,	Probe Request,	64:b0:a6:a5:77:da,	FiOS-I784X
Mar  19 15:40:52,	Probe Request,	a4:77:33:02:15:34,	Yeehawken
Mar  19 15:41:05,	Probe Request,	a4:77:33:25:34:32,	mrs.biggles
Mar  19 15:41:10,	Probe Request,	d0:25:98:63:f9:d5,	FiOS-I784X
Mar  19 15:41:10,	Probe Request,	20:ab:37:60:71:51,	FiOS-I784X-5G
Mar  19 15:41:16,	Probe Request,	a4:77:33:25:34:32,	mrs.biggles
Mar  19 15:41:16,	Probe Request,	84:ba:3b:80:f6:2a,	LAN Turtle
Mar  19 15:41:17,	Probe Request,	c4:d9:87:e2:77:8c,	Loading.....
Mar  19 15:41:17,	Probe Request,	64:b0:a6:a5:77:da,	FiOS-I784X
Mar  19 15:41:30,	Probe Request,	a4:77:33:02:15:34,	Yeehawken
Mar  19 15:41:45,	Probe Request,	84:ba:3b:80:f6:2a,	LAN Turtle
Mar  19 15:41:55,	Probe Request,	a4:77:33:02:15:34,	Yeehawken
Mar  19 15:41:59,	Probe Request,	0c:47:c9:9f:a5:73,	M9SC3
Mar  19 15:41:59,	Probe Request,	0c:47:c9:9f:a5:73,	Wu Tang Lan
Mar  19 15:41:59,	Probe Request,	0c:47:c9:9f:a5:73,	Drop It Like It's Hotspot
Mar  19 15:41:59,	Probe Request,	0c:47:c9:9f:a5:73,	The Country Place Hidden 5
Mar  19 15:42:09,	Probe Request,	a4:77:33:25:34:32,	mrs.biggles
Mar  19 15:42:16,	Probe Request,	84:ba:3b:80:f6:2a,	LAN Turtle
Mar  19 15:42:32,	Probe Request,	c4:e9:84:e0:2d:79,	FiOS-KTFGH-5G
Mar  19 15:42:46,	Probe Request,	84:ba:3b:80:f6:2a,	LAN Turtle
Mar  19 15:42:49,	Probe Request,	e6:45:2a:5e:28:4c,	WESTPOINT_MOBILE
Mar  19 15:42:49,	Probe Request,	64:b0:a6:a5:77:da,	FiOS-I784X
Mar  19 15:42:58,	Probe Request,	a4:77:33:02:15:34,	Yeehawken
Mar  19 15:43:06,	Probe Request,	68:1c:a2:07:5a:9a,	Room810
Mar  19 15:43:12,	Probe Request,	a4:77:33:25:34:32,	mrs.biggles
Mar  19 15:43:16,	Probe Request,	a4:77:33:25:34:32,	mrs.biggles
Mar  19 15:43:16,	Probe Request,	84:ba:3b:80:f6:2a,	LAN Turtle
Mar  19 15:43:22,	Probe Request,	c4:d9:87:e2:77:8c,	Loading.....
Mar  19 15:43:30,	Probe Request,	a4:77:33:02:15:34,	Yeehawken
Mar  19 15:43:36,	Probe Request,	e0:e7:51:69:8b:aa,	HOME-4DB4
Mar  19 15:43:40,	Probe Request,	e0:e7:51:69:8b:aa,	HOME-4DB4
Mar  19 15:43:41,	Probe Request,	84:ba:3b:80:f6:2a,	LAN Turtle
Mar  19 15:43:49,	Probe Request,	cc:08:8d:6f:1f:e5,	FiOS-I784X
Mar  19 15:43:53,	Probe Request,	e0:e7:51:69:8b:aa,	HOME-4DB4
Mar  19 15:43:54,	Probe Request,	84:ba:3b:80:f6:2a,	LAN Turtle
Mar  19 15:44:00,	Probe Request,	a4:77:33:02:15:34,	Yeehawken
Mar  19 15:44:14,	Probe Request,	a4:77:33:25:34:32,	mrs.biggles
Mar  19 15:44:16,	Probe Request,	c4:e9:84:e0:2d:79,	FiOS-KTFGH-5G
Mar  19 15:44:16,	Probe Request,	da:a1:19:5c:68:70,	6M4C5
Mar  19 15:44:46,	Probe Request,	84:ba:3b:80:f6:2a,	LAN Turtle
Mar  19 15:45:03,	Probe Request,	a4:77:33:02:15:34,	Yeehawken
Mar  19 15:45:12,	Probe Request,	4c:b1:99:5c:e5:b2,	HAPPYVERSLANDS
Mar  19 15:45:16,	Probe Request,	a4:77:33:25:34:32,	mrs.biggles
Mar  19 15:45:16,	Probe Request,	84:ba:3b:80:f6:2a,	LAN Turtle
Mar  19 15:45:30,	Probe Request,	a4:77:33:02:15:34,	Yeehawken
Mar  19 15:45:38,	Probe Request,	c4:d9:87:e2:77:8c,	Loading.....
Mar  19 15:45:41,	Probe Request,	c4:e9:84:e0:2d:79,	FiOS-KTFGH-5G
Mar  19 15:45:45,	Probe Request,	7e:92:7b:fa:37:ad,	DUM DUM
Mar  19 15:45:46,	Probe Request,	84:ba:3b:80:f6:2a,	LAN Turtle
Mar  19 15:45:48,	Probe Request,	88:03:55:a7:d8:e8,	TG1672GE2
Mar  19 15:46:05,	Probe Request,	64:b0:a6:a5:77:da,	FiOS-I784X
Mar  19 15:46:06,	Probe Request,	a4:77:33:02:15:34,	Yeehawken
Mar  19 15:46:16,	Probe Request,	84:ba:3b:80:f6:2a,	LAN Turtle
Mar  19 15:46:18,	Probe Request,	d0:25:98:63:f9:d5,	FiOS-I784X
Mar  19 15:46:20,	Probe Request,	a4:77:33:25:34:32,	mrs.biggles
Mar  19 15:46:21,	Probe Request,	88:03:55:a7:d8:e8,	TG1672GE2
Mar  19 15:46:32,	Probe Request,	cc:08:8d:6f:1f:e5,	FiOS-I784X
Mar  19 15:46:36,	Probe Request,	e0:e7:51:69:8b:aa,	HOME-4DB4
Mar  19 15:46:41,	Probe Request,	e0:e7:51:69:8b:aa,	HOME-4DB4
Mar  19 15:46:42,	Probe Request,	84:ba:3b:80:f6:2a,	LAN Turtle
Mar  19 15:46:47,	Probe Request,	c4:d9:87:e2:77:8c,	Loading.....
Mar  19 15:46:54,	Probe Request,	84:ba:3b:80:f6:2a,	LAN Turtle
Mar  19 15:46:54,	Probe Request,	e0:e7:51:69:8b:aa,	HOME-4DB4
Mar  19 15:47:08,	Probe Request,	68:1c:a2:07:5a:9a,	Room810
Mar  19 15:47:09,	Probe Request,	a4:77:33:02:15:34,	Yeehawken
Mar  19 15:47:10,	Probe Request,	c4:e9:84:e0:2d:79,	FiOS-KTFGH-5G
Mar  19 15:47:23,	Probe Request,	a4:77:33:25:34:32,	mrs.biggles
Mar  19 15:47:46,	Probe Request,	84:ba:3b:80:f6:2a,	LAN Turtle
Mar  19 15:47:55,	Probe Request,	c4:d9:87:e2:77:8c,	Loading.....
Mar  19 15:47:57,	Probe Request,	64:b0:a6:a5:77:da,	FiOS-I784X
Mar  19 15:47:59,	Probe Request,	0c:47:c9:9f:a5:73,	M9SC3
Mar  19 15:47:59,	Probe Request,	0c:47:c9:9f:a5:73,	Wu Tang Lan
Mar  19 15:47:59,	Probe Request,	0c:47:c9:9f:a5:73,	Drop It Like It's Hotspot
Mar  19 15:47:59,	Probe Request,	0c:47:c9:9f:a5:73,	The Country Place Hidden 5
Mar  19 15:48:02,	Probe Request,	88:03:55:a7:d8:e8,	TG1672GE2
Mar  19 15:48:12,	Probe Request,	a4:77:33:02:15:34,	Yeehawken
Mar  19 15:48:14,	Probe Request,	e8:f2:e2:e2:26:5a,	WiFi Hotspot 3408
Mar  19 15:48:16,	Probe Request,	84:ba:3b:80:f6:2a,	LAN Turtle
Mar  19 15:48:24,	Probe Request,	88:03:55:a7:d8:e8,	TG1672GE2
Mar  19 15:48:25,	Probe Request,	20:ab:37:60:71:51,	FiOS-I784X-5G
Mar  19 15:48:25,	Probe Request,	a4:77:33:25:34:32,	mrs.biggles
Mar  19 15:48:27,	Probe Request,	cc:08:8d:6f:1f:e5,	FiOS-I784X
Mar  19 15:48:28,	Probe Request,	64:b0:a6:a5:77:da,	FiOS-I784X
Mar  19 15:48:43,	Probe Request,	c4:e9:84:e0:2d:79,	FiOS-KTFGH-5G
Mar  19 15:48:46,	Probe Request,	84:ba:3b:80:f6:2a,	LAN Turtle
Mar  19 15:48:47,	Probe Request,	d0:25:98:63:f9:d5,	FiOS-I784X
Mar  19 15:48:48,	Probe Request,	40:83:de:a6:52:2d,	101
Mar  19 15:49:03,	Probe Request,	c4:d9:87:e2:77:8c,	Loading.....
Mar  19 15:49:15,	Probe Request,	a4:77:33:02:15:34,	Yeehawken
Mar  19 15:49:15,	Probe Request,	a4:77:33:02:15:34,	Yeehawken
Mar  19 15:49:15,	Probe Request,	84:ba:3b:80:f6:2a,	LAN Turtle
Mar  19 15:49:16,	Probe Request,	a4:77:33:25:34:32,	mrs.biggles
Mar  19 15:49:20,	Probe Request,	88:03:55:a7:d8:e8,	TG1672GE2
Mar  19 15:49:41,	Probe Request,	a0:99:9b:1d:21:dd,	xfinitywifi
Mar  19 15:49:41,	Probe Request,	a0:99:9b:1d:21:dd,	4K7J6
Mar  19 15:49:41,	Probe Request,	a0:99:9b:1d:21:dd,	H4PH9
Mar  19 15:49:41,	Probe Request,	a0:99:9b:1d:21:dd,	FiOS-GWLRD
Mar  19 15:49:41,	Probe Request,	a0:99:9b:1d:21:dd,	WHKX8
Mar  19 15:49:41,	Probe Request,	a0:99:9b:1d:21:dd,	nestor-2-4
Mar  19 15:49:41,	Probe Request,	a0:99:9b:1d:21:dd,	4B3
Mar  19 15:49:42,	Probe Request,	a0:99:9b:1d:21:dd,	NETGEAR92-5G
Mar  19 15:49:42,	Probe Request,	a0:99:9b:1d:21:dd,	NETGEAR92
Mar  19 15:49:42,	Probe Request,	a0:99:9b:1d:21:dd,	D-Bear
Mar  19 15:49:46,	Probe Request,	84:ba:3b:80:f6:2a,	LAN Turtle
Mar  19 15:49:54,	Probe Request,	ac:cf:5c:3e:41:8d,	revis
Mar  19 15:50:05,	Probe Request,	88:03:55:a7:d8:e8,	TG1672GE2
Mar  19 15:50:13,	Probe Request,	c4:e9:84:e0:2d:79,	FiOS-KTFGH-5G
Mar  19 15:50:16,	Probe Request,	84:ba:3b:80:f6:2a,	LAN Turtle
Mar  19 15:50:16,	Probe Request,	a0:99:9b:52:f0:7f,	93K15
Mar  19 15:50:18,	Probe Request,	a4:77:33:02:15:34,	Yeehawken
Mar  19 15:50:31,	Probe Request,	a4:77:33:25:34:32,	mrs.biggles
Mar  19 15:50:46,	Probe Request,	84:ba:3b:80:f6:2a,	LAN Turtle
Mar  19 15:50:47,	Probe Request,	a0:99:9b:52:f0:7f,	FiOS-H88ZT
Mar  19 15:51:13,	Probe Request,	88:03:55:a7:d8:e8,	TG1672GE2
Mar  19 15:51:15,	Probe Request,	84:ba:3b:80:f6:2a,	LAN Turtle
Mar  19 15:51:16,	Probe Request,	a4:77:33:25:34:32,	mrs.biggles
Mar  19 15:51:16,	Probe Request,	a0:99:9b:52:f0:7f,	FiOS-H88ZT
Mar  19 15:51:20,	Probe Request,	c4:d9:87:e2:77:8c,	Loading.....
Mar  19 15:51:21,	Probe Request,	a4:77:33:02:15:34,	Yeehawken
Mar  19 15:51:29,	Probe Request,	1c:5c:f2:4a:c7:e1,	optimumwifi
Mar  19 15:51:45,	Probe Request,	c4:e9:84:e0:2d:79,	FiOS-KTFGH-5G
Mar  19 15:51:46,	Probe Request,	84:ba:3b:80:f6:2a,	LAN Turtle
Mar  19 15:52:10,	Probe Request,	a0:99:9b:52:f0:7f,	FiOS-H88ZT
Mar  19 15:52:16,	Probe Request,	84:ba:3b:80:f6:2a,	LAN Turtle
Mar  19 15:52:23,	Probe Request,	a4:77:33:02:15:34,	Yeehawken
Mar  19 15:52:29,	Probe Request,	c4:d9:87:e2:77:8c,	Loading.....
Mar  19 15:52:36,	Probe Request,	a4:77:33:25:34:32,	mrs.biggles
Mar  19 15:52:47,	Probe Request,	84:ba:3b:80:f6:2a,	LAN Turtle
Mar  19 15:53:10,	Probe Request,	68:1c:a2:07:5a:9a,	Room810
Mar  19 15:53:16,	Probe Request,	a4:77:33:25:34:32,	mrs.biggles
Mar  19 15:53:16,	Probe Request,	84:ba:3b:80:f6:2a,	LAN Turtle
Mar  19 15:53:16,	Probe Request,	c4:e9:84:e0:2d:79,	FiOS-KTFGH-5G
Mar  19 15:53:26,	Probe Request,	a4:77:33:02:15:34,	Yeehawken
Mar  19 15:53:36,	Probe Request,	e0:e7:51:69:8b:aa,	HOME-4DB4
Mar  19 15:53:37,	Probe Request,	c4:d9:87:e2:77:8c,	Loading.....
Mar  19 15:53:40,	Probe Request,	a4:77:33:25:34:32,	mrs.biggles
Mar  19 15:53:40,	Probe Request,	e0:e7:51:69:8b:aa,	HOME-4DB4
Mar  19 15:53:41,	Probe Request,	84:ba:3b:80:f6:2a,	LAN Turtle
Mar  19 15:53:53,	Probe Request,	e0:e7:51:69:8b:aa,	HOME-4DB4
Mar  19 15:53:54,	Probe Request,	84:ba:3b:80:f6:2a,	LAN Turtle
Mar  19 15:54:00,	Probe Request,	0c:47:c9:9f:a5:73,	M9SC3
Mar  19 15:54:27,	Probe Request,	32:f6:6a:f7:67:4c,	WESTPOINT_MOBILE
Mar  19 15:54:29,	Probe Request,	a4:77:33:02:15:34,	Yeehawken
Mar  19 15:54:43,	Probe Request,	c4:e9:84:e0:2d:79,	FiOS-KTFGH-5G
Mar  19 15:54:43,	Probe Request,	a4:77:33:25:34:32,	mrs.biggles
Mar  19 15:54:45,	Probe Request,	88:03:55:a7:d8:e8,	TG1672GE2
Mar  19 15:54:45,	Probe Request,	c4:d9:87:e2:77:8c,	Loading.....
Mar  19 15:54:45,	Probe Request,	c4:d9:87:e2:77:8c,	Loading.....
Mar  19 15:54:46,	Probe Request,	84:ba:3b:80:f6:2a,	LAN Turtle
Mar  19 15:55:06,	Probe Request,	88:03:55:a7:d8:e8,	TG1672GE2
Mar  19 15:55:16,	Probe Request,	a4:77:33:25:34:32,	mrs.biggles
Mar  19 15:55:16,	Probe Request,	84:ba:3b:80:f6:2a,	LAN Turtle
Mar  19 15:55:30,	Probe Request,	a4:77:33:02:15:34,	Yeehawken
Mar  19 15:55:39,	Probe Request,	88:03:55:a7:d8:e8,	TG1672GE2
Mar  19 15:55:46,	Probe Request,	84:ba:3b:80:f6:2a,	LAN Turtle
Mar  19 15:55:52,	Probe Request,	88:03:55:a7:d8:e8,	TG1672GE2
Mar  19 15:55:54,	Probe Request,	c4:d9:87:e2:77:8c,	Loading.....
Mar  19 15:56:13,	Probe Request,	68:1c:a2:07:5a:9a,	Room810
Mar  19 15:56:15,	Probe Request,	84:ba:3b:80:f6:2a,	LAN Turtle
Mar  19 15:56:35,	Probe Request,	a4:77:33:02:15:34,	Yeehawken
Mar  19 15:56:42,	Probe Request,	c4:e9:84:e0:2d:79,	FiOS-KTFGH-5G
Mar  19 15:56:46,	Probe Request,	84:ba:3b:80:f6:2a,	LAN Turtle
Mar  19 15:56:49,	Probe Request,	a4:77:33:25:34:32,	mrs.biggles
Mar  19 15:57:02,	Probe Request,	c4:d9:87:e2:77:8c,	Loading.....
Mar  19 15:57:16,	Probe Request,	a4:77:33:25:34:32,	mrs.biggles
Mar  19 15:57:16,	Probe Request,	84:ba:3b:80:f6:2a,	LAN Turtle
Mar  19 15:57:30,	Probe Request,	a4:77:33:02:15:34,	Yeehawken
Mar  19 15:57:36,	Probe Request,	e0:e7:51:69:8b:aa,	HOME-4DB4
Mar  19 15:57:40,	Probe Request,	e0:e7:51:69:8b:aa,	HOME-4DB4
Mar  19 15:57:40,	Probe Request,	84:ba:3b:80:f6:2a,	LAN Turtle
Mar  19 15:57:52,	Probe Request,	a4:77:33:25:34:32,	mrs.biggles
Mar  19 15:57:53,	Probe Request,	e0:e7:51:69:8b:aa,	HOME-4DB4
Mar  19 15:57:54,	Probe Request,	84:ba:3b:80:f6:2a,	LAN Turtle
Mar  19 15:58:11,	Probe Request,	c4:d9:87:e2:77:8c,	Loading.....
Mar  19 15:58:26,	Probe Request,	ec:9b:f3:5a:8c:4b,	VerizonWiFiAccess
Mar  19 15:58:27,	Probe Request,	90:f4:c1:0c:15:c1,	xfinitywifi
Mar  19 15:58:33,	Probe Request,	90:f4:c1:0c:15:c1,	CableWiFi
Mar  19 15:58:38,	Probe Request,	88:03:55:a7:d8:e8,	TG1672GE2
Mar  19 15:58:41,	Probe Request,	a4:77:33:02:15:34,	Yeehawken
Mar  19 15:58:45,	Probe Request,	c4:e9:84:e0:2d:79,	FiOS-KTFGH-5G
Mar  19 15:58:45,	Probe Request,	84:ba:3b:80:f6:2a,	LAN Turtle
Mar  19 15:58:45,	Probe Request,	c4:e9:84:e0:2d:79,	FiOS-KTFGH-5G
Mar  19 15:58:49,	Probe Request,	88:03:55:a7:d8:e8,	TG1672GE2
Mar  19 15:58:52,	Probe Request,	88:71:e5:54:11:34,	Loading.....
Mar  19 15:58:55,	Probe Request,	a4:77:33:25:34:32,	mrs.biggles
Mar  19 15:59:16,	Probe Request,	a4:77:33:25:34:32,	mrs.biggles
Mar  19 15:59:16,	Probe Request,	84:ba:3b:80:f6:2a,	LAN Turtle
Mar  19 15:59:19,	Probe Request,	c4:d9:87:e2:77:8c,	Loading.....
Mar  19 15:59:24,	Probe Request,	88:03:55:a7:d8:e8,	TG1672GE2
Mar  19 15:59:30,	Probe Request,	a4:77:33:02:15:34,	Yeehawken
Mar  19 15:59:46,	Probe Request,	84:ba:3b:80:f6:2a,	LAN Turtle
Mar  19 15:59:58,	Probe Request,	a4:77:33:25:34:32,	mrs.biggles
Mar  19 16:00:00,	Probe Request,	0c:47:c9:9f:a5:73,	M9SC3
Mar  19 16:00:00,	Probe Request,	0c:47:c9:9f:a5:73,	Wu Tang Lan
Mar  19 16:00:00,	Probe Request,	0c:47:c9:9f:a5:73,	Drop It Like It's Hotspot
Mar  19 16:00:00,	Probe Request,	0c:47:c9:9f:a5:73,	The Country Place Hidden 5
Mar  19 16:00:16,	Probe Request,	84:ba:3b:80:f6:2a,	LAN Turtle
Mar  19 16:00:27,	Probe Request,	c4:d9:87:e2:77:8c,	Loading.....
Mar  19 16:00:39,	Probe Request,	c4:e9:84:e0:2d:79,	FiOS-KTFGH-5G
Mar  19 16:00:46,	Probe Request,	84:ba:3b:80:f6:2a,	LAN Turtle
Mar  19 16:00:47,	Probe Request,	a4:77:33:02:15:34,	Yeehawken
Mar  19 16:00:47,	Probe Request,	c4:e9:84:e0:2d:79,	FiOS-KTFGH-5G
Mar  19 16:01:01,	Probe Request,	a4:77:33:25:34:32,	mrs.biggles
Mar  19 16:01:03,	Probe Request,	88:03:55:a7:d8:e8,	TG1672GE2
Mar  19 16:01:16,	Probe Request,	a4:77:33:25:34:32,	mrs.biggles
Mar  19 16:01:17,	Probe Request,	84:ba:3b:80:f6:2a,	LAN Turtle
Mar  19 16:01:22,	Probe Request,	68:1c:a2:07:5a:9a,	Room810
Mar  19 16:01:25,	Probe Request,	88:03:55:a7:d8:e8,	TG1672GE2
Mar  19 16:01:30,	Probe Request,	a4:77:33:02:15:34,	Yeehawken
Mar  19 16:01:35,	Probe Request,	90:b6:86:b4:8f:73,	CG3LF
Mar  19 16:01:35,	Probe Request,	c4:d9:87:e2:77:8c,	Loading.....
Mar  19 16:01:46,	Probe Request,	90:b6:86:cc:d0:7b,	CG3LF
Mar  19 16:01:46,	Probe Request,	84:ba:3b:80:f6:2a,	LAN Turtle
Mar  19 16:01:48,	Probe Request,	88:03:55:a7:d8:e8,	TG1672GE2
Mar  19 16:01:50,	Probe Request,	a4:77:33:02:15:34,	Yeehawken
Mar  19 16:02:03,	Probe Request,	a4:77:33:25:34:32,	mrs.biggles
Mar  19 16:02:09,	Probe Request,	c4:e9:84:e0:2d:79,	FiOS-KTFGH-5G
Mar  19 16:02:16,	Probe Request,	84:ba:3b:80:f6:2a,	LAN Turtle
Mar  19 16:02:22,	Probe Request,	c4:e9:84:e0:2d:79,	FiOS-KTFGH-5G
Mar  19 16:02:32,	Probe Request,	88:03:55:a7:d8:e8,	TG1672GE2
Mar  19 16:02:39,	Probe Request,	90:b6:86:b4:8f:73,	VerizonWiFiAccess
Mar  19 16:02:46,	Probe Request,	84:ba:3b:80:f6:2a,	LAN Turtle
Mar  19 16:02:53,	Probe Request,	a4:77:33:02:15:34,	Yeehawken
Mar  19 16:02:56,	Probe Request,	88:03:55:a7:d8:e8,	TG1672GE2
Mar  19 16:03:06,	Probe Request,	a4:77:33:25:34:32,	mrs.biggles
Mar  19 16:03:16,	Probe Request,	84:ba:3b:80:f6:2a,	LAN Turtle
Mar  19 16:03:16,	Probe Request,	a4:77:33:25:34:32,	mrs.biggles
Mar  19 16:03:17,	Probe Request,	88:03:55:a7:d8:e8,	TG1672GE2
Mar  19 16:03:22,	Probe Request,	90:b6:86:b4:8f:73,	VerizonWiFiAccess
Mar  19 16:03:30,	Probe Request,	a4:77:33:02:15:34,	Yeehawken
Mar  19 16:03:32,	Probe Request,	68:1c:a2:07:5a:9a,	Room810
Mar  19 16:03:36,	Probe Request,	e0:e7:51:69:8b:aa,	HOME-4DB4
Mar  19 16:03:40,	Probe Request,	c4:d9:87:e2:77:8c,	Loading.....
Mar  19 16:03:40,	Probe Request,	e0:e7:51:69:8b:aa,	HOME-4DB4
Mar  19 16:03:41,	Probe Request,	84:ba:3b:80:f6:2a,	LAN Turtle
Mar  19 16:03:41,	Probe Request,	c4:e9:84:e0:2d:79,	FiOS-KTFGH-5G
Mar  19 16:03:53,	Probe Request,	e0:e7:51:69:8b:aa,	HOME-4DB4
Mar  19 16:03:54,	Probe Request,	84:ba:3b:80:f6:2a,	LAN Turtle
Mar  19 16:03:54,	Probe Request,	c4:e9:84:e0:2d:79,	FiOS-KTFGH-5G
Mar  19 16:03:56,	Probe Request,	a4:77:33:02:15:34,	Yeehawken
Mar  19 16:04:09,	Probe Request,	a4:77:33:25:34:32,	mrs.biggles
Mar  19 16:04:46,	Probe Request,	84:ba:3b:80:f6:2a,	LAN Turtle
Mar  19 16:04:58,	Probe Request,	a4:77:33:02:15:34,	Yeehawken
Mar  19 16:05:12,	Probe Request,	a4:77:33:25:34:32,	mrs.biggles
Mar  19 16:05:14,	Probe Request,	c4:e9:84:e0:2d:79,	FiOS-KTFGH-5G
Mar  19 16:05:16,	Probe Request,	a4:77:33:25:34:32,	mrs.biggles
Mar  19 16:05:16,	Probe Request,	84:ba:3b:80:f6:2a,	LAN Turtle
Mar  19 16:05:26,	Probe Request,	2c:20:0b:27:67:f2,	9464F2
Mar  19 16:05:30,	Probe Request,	a4:77:33:02:15:34,	Yeehawken
Mar  19 16:05:34,	Probe Request,	b8:53:ac:3c:1c:0f,	TWCWiFi
Mar  19 16:05:46,	Probe Request,	84:ba:3b:80:f6:2a,	LAN Turtle
Mar  19 16:06:00,	Probe Request,	0c:47:c9:9f:a5:73,	M9SC3
Mar  19 16:06:00,	Probe Request,	0c:47:c9:9f:a5:73,	Wu Tang Lan
Mar  19 16:06:00,	Probe Request,	0c:47:c9:9f:a5:73,	Drop It Like It's Hotspot
Mar  19 16:06:00,	Probe Request,	0c:47:c9:9f:a5:73,	The Country Place Hidden 5
Mar  19 16:06:01,	Probe Request,	a4:77:33:02:15:34,	Yeehawken
Mar  19 16:06:08,	Probe Request,	68:1c:a2:07:5a:9a,	Room810
Mar  19 16:06:14,	Probe Request,	a4:77:33:25:34:32,	mrs.biggles
Mar  19 16:06:16,	Probe Request,	84:ba:3b:80:f6:2a,	LAN Turtle
Mar  19 16:06:46,	Probe Request,	84:ba:3b:80:f6:2a,	LAN Turtle
Mar  19 16:06:50,	Probe Request,	c4:e9:84:e0:2d:79,	FiOS-KTFGH-5G
Mar  19 16:07:04,	Probe Request,	a4:77:33:02:15:34,	Yeehawken
Mar  19 16:07:11,	Probe Request,	88:03:55:a7:d8:e8,	TG1672GE2
Mar  19 16:07:16,	Probe Request,	a4:77:33:25:34:32,	mrs.biggles
Mar  19 16:07:16,	Probe Request,	84:ba:3b:80:f6:2a,	LAN Turtle
Mar  19 16:07:30,	Probe Request,	a4:77:33:02:15:34,	Yeehawken
Mar  19 16:07:35,	Probe Request,	88:03:55:a7:d8:e8,	TG1672GE2
Mar  19 16:07:46,	Probe Request,	84:ba:3b:80:f6:2a,	LAN Turtle
Mar  19 16:07:52,	Probe Request,	c4:d9:87:e2:77:8c,	Loading.....
Mar  19 16:07:58,	Probe Request,	90:b6:86:b4:8f:73,	VerizonWiFiAccess
Mar  19 16:08:07,	Probe Request,	88:03:55:a7:d8:e8,	TG1672GE2
Mar  19 16:08:07,	Probe Request,	a4:77:33:02:15:34,	Yeehawken
Mar  19 16:08:16,	Probe Request,	84:ba:3b:80:f6:2a,	LAN Turtle
Mar  19 16:08:18,	Probe Request,	88:03:55:a7:d8:e8,	TG1672GE2
Mar  19 16:08:20,	Probe Request,	a4:77:33:25:34:32,	mrs.biggles
Mar  19 16:08:28,	Probe Request,	c4:e9:84:e0:2d:79,	FiOS-KTFGH-5G
Mar  19 16:08:36,	Probe Request,	e0:e7:51:69:8b:aa,	HOME-4DB4
Mar  19 16:08:40,	Probe Request,	e0:e7:51:69:8b:aa,	HOME-4DB4
Mar  19 16:08:41,	Probe Request,	84:ba:3b:80:f6:2a,	LAN Turtle
Mar  19 16:08:42,	Probe Request,	88:03:55:a7:d8:e8,	TG1672GE2
Mar  19 16:08:52,	Probe Request,	88:71:e5:54:11:34,	Loading.....
Mar  19 16:08:53,	Probe Request,	e0:e7:51:69:8b:aa,	HOME-4DB4
Mar  19 16:08:54,	Probe Request,	84:ba:3b:80:f6:2a,	LAN Turtle
Mar  19 16:09:10,	Probe Request,	a4:77:33:02:15:34,	Yeehawken
Mar  19 16:09:12,	Probe Request,	66:c7:fe:c1:bd:34,	WESTPOINT_MOBILE
Mar  19 16:09:16,	Probe Request,	a4:77:33:25:34:32,	mrs.biggles
Mar  19 16:09:17,	Probe Request,	0a:de:b6:18:b1:12,	WESTPOINT_MOBILE
Mar  19 16:09:17,	Probe Request,	90:b6:86:b4:8f:73,	VerizonWiFiAccess
Mar  19 16:09:46,	Probe Request,	84:ba:3b:80:f6:2a,	LAN Turtle
Mar  19 16:10:08,	Probe Request,	c4:e9:84:e0:2d:79,	FiOS-KTFGH-5G
Mar  19 16:10:13,	Probe Request,	a4:77:33:02:15:34,	Yeehawken
Mar  19 16:10:16,	Probe Request,	84:ba:3b:80:f6:2a,	LAN Turtle
Mar  19 16:10:16,	Probe Request,	c4:e9:84:e0:2d:79,	FiOS-KTFGH-5G
Mar  19 16:10:21,	Probe Request,	90:b6:86:b4:8f:73,	VerizonWiFiAccess
Mar  19 16:10:25,	Probe Request,	a4:77:33:25:34:32,	mrs.biggles
Mar  19 16:10:46,	Probe Request,	84:ba:3b:80:f6:2a,	LAN Turtle
Mar  19 16:11:16,	Probe Request,	a4:77:33:02:15:34,	Yeehawken
Mar  19 16:11:17,	Probe Request,	84:ba:3b:80:f6:2a,	LAN Turtle
Mar  19 16:11:28,	Probe Request,	a4:77:33:25:34:32,	mrs.biggles
Mar  19 16:11:39,	Probe Request,	c4:e9:84:e0:2d:79,	FiOS-KTFGH-5G
Mar  19 16:11:47,	Probe Request,	84:ba:3b:80:f6:2a,	LAN Turtle
Mar  19 16:11:49,	Probe Request,	90:b6:86:b4:8f:73,	VerizonWiFiAccess
Mar  19 16:11:54,	Probe Request,	c4:e9:84:e0:2d:79,	FiOS-KTFGH-5G
Mar  19 16:12:00,	Probe Request,	0c:47:c9:9f:a5:73,	M9SC3
Mar  19 16:12:00,	Probe Request,	0c:47:c9:9f:a5:73,	Wu Tang Lan
Mar  19 16:12:00,	Probe Request,	0c:47:c9:9f:a5:73,	Drop It Like It's Hotspot
Mar  19 16:12:00,	Probe Request,	0c:47:c9:9f:a5:73,	The Country Place Hidden 5
Mar  19 16:12:13,	Probe Request,	c4:d9:87:e2:77:8c,	Loading.....
Mar  19 16:12:16,	Probe Request,	84:ba:3b:80:f6:2a,	LAN Turtle
Mar  19 16:12:19,	Probe Request,	a4:77:33:02:15:34,	Yeehawken
Mar  19 16:12:31,	Probe Request,	a4:77:33:25:34:32,	mrs.biggles
Mar  19 16:12:46,	Probe Request,	84:ba:3b:80:f6:2a,	LAN Turtle
Mar  19 16:12:56,	Probe Request,	90:b6:86:b4:8f:73,	VerizonWiFiAccess
Mar  19 16:13:16,	Probe Request,	84:ba:3b:80:f6:2a,	LAN Turtle
Mar  19 16:13:16,	Probe Request,	a4:77:33:25:34:32,	mrs.biggles
Mar  19 16:13:22,	Probe Request,	a4:77:33:02:15:34,	Yeehawken
Mar  19 16:13:26,	Probe Request,	ac:cf:5c:3e:41:8d,	revis
Mar  19 16:13:36,	Probe Request,	e0:e7:51:69:8b:aa,	HOME-4DB4
Mar  19 16:13:39,	Probe Request,	90:b6:86:b4:8f:73,	VerizonWiFiAccess
Mar  19 16:13:41,	Probe Request,	84:ba:3b:80:f6:2a,	LAN Turtle
Mar  19 16:13:41,	Probe Request,	e0:e7:51:69:8b:aa,	HOME-4DB4
Mar  19 16:13:55,	Probe Request,	e0:e7:51:69:8b:aa,	HOME-4DB4
Mar  19 16:13:56,	Probe Request,	84:ba:3b:80:f6:2a,	LAN Turtle
